FATAL - ch.ivyteam.ivy.richdialog.widgets.style - Can not connect from remote visual editor vm to xpert.ivy designer
java.rmi.ConnectIOException: Exception creating connection to: 192.168.3.59; nested exception is: 
	java.net.SocketException: Network is unreachable: connect
	at sun.rmi.transport.tcp.TCPEndpoint.newSocket(TCPEndpoint.java:614)
	at sun.rmi.transport.tcp.TCPChannel.createConnection(TCPChannel.java:198)
	at sun.rmi.transport.tcp.TCPChannel.newConnection(TCPChannel.java:184)
	at sun.rmi.server.UnicastRef.invoke(UnicastRef.java:110)
	at java.rmi.server.RemoteObjectInvocationHandler.invokeRemoteMethod(RemoteObjectInvocationHandler.java:178)
	at java.rmi.server.RemoteObjectInvocationHandler.invoke(RemoteObjectInvocationHandler.java:132)
	at $Proxy0.getIvyProject(Unknown Source)
	at ch.ivyteam.ivy.rmiinterface.RmiInterfaceFactory.createRemoteIvyProject(RmiInterfaceFactory.java:84)
	at ch.ivyteam.ivy.richdialog.widgets.style.internal.WidgetStyleManager.getStylePropertyProvider(WidgetStyleManager.java:280)
	at ch.ivyteam.ivy.richdialog.widgets.style.internal.WidgetStyleManager.<init>(WidgetStyleManager.java:133)
	at ch.ivyteam.ivy.richdialog.widgets.style.WidgetStyleManagerFactory.getWidgetStyleManager(WidgetStyleManagerFactory.java:40)
	at ch.ivyteam.ivy.richdialog.widgets.style.StyleAdapterFactory.createStyleAdapter(StyleAdapterFactory.java:18)
	at ch.ivyteam.ivy.richdialog.widgets.internal.RichComponentImpl.<init>(RichComponentImpl.java:63)
	at ch.ivyteam.ivy.richdialog.widgets.internal.RichContainerImpl.<init>(RichContainerImpl.java:36)
	at ch.ivyteam.ivy.richdialog.widgets.containers.RGridBagLayoutPane.initialize(RGridBagLayoutPane.java:39)
	at ch.ivyteam.ivy.richdialog.widgets.containers.RGridBagLayoutPane.<init>(RGridBagLayoutPane.java:31)
	at sun.reflect.NativeConstructorAccessorImpl.newInstance0(Native Method)
	at sun.reflect.NativeConstructorAccessorImpl.newInstance(NativeConstructorAccessorImpl.java:39)
	at sun.reflect.DelegatingConstructorAccessorImpl.newInstance(DelegatingConstructorAccessorImpl.java:27)
	at java.lang.reflect.Constructor.newInstance(Constructor.java:513)
	at org.eclipse.jem.internal.proxy.initParser.tree.ExpressionProcesser.pushClassInstanceCreation(ExpressionProcesser.java:2463)
	at org.eclipse.jem.internal.proxy.vm.remote.ExpressionProcesserController.process(ExpressionProcesserController.java:246)
	at org.eclipse.jem.internal.proxy.vm.remote.ConnectionHandler.processExpressionCommand(ConnectionHandler.java:624)
	at org.eclipse.jem.internal.proxy.vm.remote.ConnectionHandler.run(ConnectionHandler.java:517)
	at org.eclipse.jem.internal.proxy.vm.remote.ConnectionThread.run(ConnectionThread.java:47)
Caused by: java.net.SocketException: Network is unreachable: connect
	at java.net.PlainSocketImpl.socketConnect(Native Method)
	at java.net.PlainSocketImpl.doConnect(PlainSocketImpl.java:333)
	at java.net.PlainSocketImpl.connectToAddress(PlainSocketImpl.java:195)
	at java.net.PlainSocketImpl.connect(PlainSocketImpl.java:182)
	at java.net.SocksSocketImpl.connect(SocksSocketImpl.java:366)
	at java.net.Socket.connect(Socket.java:525)
	at java.net.Socket.connect(Socket.java:475)
	at java.net.Socket.<init>(Socket.java:372)
	at java.net.Socket.<init>(Socket.java:186)
	at sun.rmi.transport.proxy.RMIDirectSocketFactory.createSocket(RMIDirectSocketFactory.java:22)
	at sun.rmi.transport.proxy.RMIMasterSocketFactory.createSocket(RMIMasterSocketFactory.java:128)
	at sun.rmi.transport.tcp.TCPEndpoint.newSocket(TCPEndpoint.java:595)
	... 24 more
FATAL - ch.ivyteam.ivy.richdialog.widgets.style - Can not connect from remote visual editor vm to xpert.ivy designer
java.rmi.ConnectIOException: Exception creating connection to: 192.168.3.59; nested exception is: 
	java.net.SocketException: Network is unreachable: connect
	at sun.rmi.transport.tcp.TCPEndpoint.newSocket(TCPEndpoint.java:614)
	at sun.rmi.transport.tcp.TCPChannel.createConnection(TCPChannel.java:198)
	at sun.rmi.transport.tcp.TCPChannel.newConnection(TCPChannel.java:184)
	at sun.rmi.server.UnicastRef.invoke(UnicastRef.java:110)
	at java.rmi.server.RemoteObjectInvocationHandler.invokeRemoteMethod(RemoteObjectInvocationHandler.java:178)
	at java.rmi.server.RemoteObjectInvocationHandler.invoke(RemoteObjectInvocationHandler.java:132)
	at $Proxy0.getIvyProject(Unknown Source)
	at ch.ivyteam.ivy.rmiinterface.RmiInterfaceFactory.createRemoteIvyProject(RmiInterfaceFactory.java:84)
	at ch.ivyteam.ivy.richdialog.widgets.style.internal.WidgetStyleManager.getStylePropertyProvider(WidgetStyleManager.java:280)
	at ch.ivyteam.ivy.richdialog.widgets.style.internal.WidgetStyleManager.<init>(WidgetStyleManager.java:133)
	at ch.ivyteam.ivy.richdialog.widgets.style.WidgetStyleManagerFactory.getWidgetStyleManager(WidgetStyleManagerFactory.java:40)
	at ch.ivyteam.ivy.richdialog.widgets.style.StyleAdapterFactory.createStyleAdapter(StyleAdapterFactory.java:18)
	at ch.ivyteam.ivy.richdialog.widgets.internal.RichComponentImpl.<init>(RichComponentImpl.java:63)
	at ch.ivyteam.ivy.richdialog.widgets.internal.RichContainerImpl.<init>(RichContainerImpl.java:36)
	at ch.ivyteam.ivy.richdialog.widgets.containers.RBorderLayoutPane.initialize(RBorderLayoutPane.java:52)
	at ch.ivyteam.ivy.richdialog.widgets.containers.RBorderLayoutPane.<init>(RBorderLayoutPane.java:32)
	at sun.reflect.NativeConstructorAccessorImpl.newInstance0(Native Method)
	at sun.reflect.NativeConstructorAccessorImpl.newInstance(NativeConstructorAccessorImpl.java:39)
	at sun.reflect.DelegatingConstructorAccessorImpl.newInstance(DelegatingConstructorAccessorImpl.java:27)
	at java.lang.reflect.Constructor.newInstance(Constructor.java:513)
	at org.eclipse.jem.internal.proxy.initParser.tree.ExpressionProcesser.pushClassInstanceCreation(ExpressionProcesser.java:2463)
	at org.eclipse.jem.internal.proxy.vm.remote.ExpressionProcesserController.process(ExpressionProcesserController.java:246)
	at org.eclipse.jem.internal.proxy.vm.remote.ConnectionHandler.processExpressionCommand(ConnectionHandler.java:624)
	at org.eclipse.jem.internal.proxy.vm.remote.ConnectionHandler.run(ConnectionHandler.java:517)
	at org.eclipse.jem.internal.proxy.vm.remote.ConnectionThread.run(ConnectionThread.java:47)
Caused by: java.net.SocketException: Network is unreachable: connect
	at java.net.PlainSocketImpl.socketConnect(Native Method)
	at java.net.PlainSocketImpl.doConnect(PlainSocketImpl.java:333)
	at java.net.PlainSocketImpl.connectToAddress(PlainSocketImpl.java:195)
	at java.net.PlainSocketImpl.connect(PlainSocketImpl.java:182)
	at java.net.SocksSocketImpl.connect(SocksSocketImpl.java:366)
	at java.net.Socket.connect(Socket.java:525)
	at java.net.Socket.connect(Socket.java:475)
	at java.net.Socket.<init>(Socket.java:372)
	at java.net.Socket.<init>(Socket.java:186)
	at sun.rmi.transport.proxy.RMIDirectSocketFactory.createSocket(RMIDirectSocketFactory.java:22)
	at sun.rmi.transport.proxy.RMIMasterSocketFactory.createSocket(RMIMasterSocketFactory.java:128)
	at sun.rmi.transport.tcp.TCPEndpoint.newSocket(TCPEndpoint.java:595)
	... 24 more
FATAL - ch.ivyteam.ivy.richdialog.widgets.style - Can not connect from remote visual editor vm to xpert.ivy designer
java.rmi.ConnectIOException: Exception creating connection to: 192.168.3.59; nested exception is: 
	java.net.SocketException: Network is unreachable: connect
	at sun.rmi.transport.tcp.TCPEndpoint.newSocket(TCPEndpoint.java:614)
	at sun.rmi.transport.tcp.TCPChannel.createConnection(TCPChannel.java:198)
	at sun.rmi.transport.tcp.TCPChannel.newConnection(TCPChannel.java:184)
	at sun.rmi.server.UnicastRef.invoke(UnicastRef.java:110)
	at java.rmi.server.RemoteObjectInvocationHandler.invokeRemoteMethod(RemoteObjectInvocationHandler.java:178)
	at java.rmi.server.RemoteObjectInvocationHandler.invoke(RemoteObjectInvocationHandler.java:132)
	at $Proxy0.getIvyProject(Unknown Source)
	at ch.ivyteam.ivy.rmiinterface.RmiInterfaceFactory.createRemoteIvyProject(RmiInterfaceFactory.java:84)
	at ch.ivyteam.ivy.richdialog.widgets.style.internal.WidgetStyleManager.getStylePropertyProvider(WidgetStyleManager.java:280)
	at ch.ivyteam.ivy.richdialog.widgets.style.internal.WidgetStyleManager.<init>(WidgetStyleManager.java:133)
	at ch.ivyteam.ivy.richdialog.widgets.style.WidgetStyleManagerFactory.getWidgetStyleManager(WidgetStyleManagerFactory.java:40)
	at ch.ivyteam.ivy.richdialog.widgets.style.StyleAdapterFactory.createStyleAdapter(StyleAdapterFactory.java:18)
	at ch.ivyteam.ivy.richdialog.widgets.internal.RichComponentImpl.<init>(RichComponentImpl.java:63)
	at ch.ivyteam.ivy.richdialog.widgets.internal.RichContainerImpl.<init>(RichContainerImpl.java:36)
	at ch.ivyteam.ivy.richdialog.widgets.containers.RBorderLayoutPane.initialize(RBorderLayoutPane.java:52)
	at ch.ivyteam.ivy.richdialog.widgets.containers.RBorderLayoutPane.<init>(RBorderLayoutPane.java:32)
	at sun.reflect.NativeConstructorAccessorImpl.newInstance0(Native Method)
	at sun.reflect.NativeConstructorAccessorImpl.newInstance(NativeConstructorAccessorImpl.java:39)
	at sun.reflect.DelegatingConstructorAccessorImpl.newInstance(DelegatingConstructorAccessorImpl.java:27)
	at java.lang.reflect.Constructor.newInstance(Constructor.java:513)
	at org.eclipse.jem.internal.proxy.initParser.tree.ExpressionProcesser.pushClassInstanceCreation(ExpressionProcesser.java:2463)
	at org.eclipse.jem.internal.proxy.vm.remote.ExpressionProcesserController.process(ExpressionProcesserController.java:246)
	at org.eclipse.jem.internal.proxy.vm.remote.ConnectionHandler.processExpressionCommand(ConnectionHandler.java:624)
	at org.eclipse.jem.internal.proxy.vm.remote.ConnectionHandler.run(ConnectionHandler.java:517)
	at org.eclipse.jem.internal.proxy.vm.remote.ConnectionThread.run(ConnectionThread.java:47)
Caused by: java.net.SocketException: Network is unreachable: connect
	at java.net.PlainSocketImpl.socketConnect(Native Method)
	at java.net.PlainSocketImpl.doConnect(PlainSocketImpl.java:333)
	at java.net.PlainSocketImpl.connectToAddress(PlainSocketImpl.java:195)
	at java.net.PlainSocketImpl.connect(PlainSocketImpl.java:182)
	at java.net.SocksSocketImpl.connect(SocksSocketImpl.java:366)
	at java.net.Socket.connect(Socket.java:525)
	at java.net.Socket.connect(Socket.java:475)
	at java.net.Socket.<init>(Socket.java:372)
	at java.net.Socket.<init>(Socket.java:186)
	at sun.rmi.transport.proxy.RMIDirectSocketFactory.createSocket(RMIDirectSocketFactory.java:22)
	at sun.rmi.transport.proxy.RMIMasterSocketFactory.createSocket(RMIMasterSocketFactory.java:128)
	at sun.rmi.transport.tcp.TCPEndpoint.newSocket(TCPEndpoint.java:595)
	... 24 more
FATAL - ch.ivyteam.ivy.richdialog.widgets.style - Can not connect from remote visual editor vm to xpert.ivy designer
java.rmi.ConnectIOException: Exception creating connection to: 192.168.3.59; nested exception is: 
	java.net.SocketException: Network is unreachable: connect
	at sun.rmi.transport.tcp.TCPEndpoint.newSocket(TCPEndpoint.java:614)
	at sun.rmi.transport.tcp.TCPChannel.createConnection(TCPChannel.java:198)
	at sun.rmi.transport.tcp.TCPChannel.newConnection(TCPChannel.java:184)
	at sun.rmi.server.UnicastRef.invoke(UnicastRef.java:110)
	at java.rmi.server.RemoteObjectInvocationHandler.invokeRemoteMethod(RemoteObjectInvocationHandler.java:178)
	at java.rmi.server.RemoteObjectInvocationHandler.invoke(RemoteObjectInvocationHandler.java:132)
	at $Proxy0.getIvyProject(Unknown Source)
	at ch.ivyteam.ivy.rmiinterface.RmiInterfaceFactory.createRemoteIvyProject(RmiInterfaceFactory.java:84)
	at ch.ivyteam.ivy.richdialog.widgets.style.internal.WidgetStyleManager.getStylePropertyProvider(WidgetStyleManager.java:280)
	at ch.ivyteam.ivy.richdialog.widgets.style.internal.WidgetStyleManager.<init>(WidgetStyleManager.java:133)
	at ch.ivyteam.ivy.richdialog.widgets.style.WidgetStyleManagerFactory.getWidgetStyleManager(WidgetStyleManagerFactory.java:40)
	at ch.ivyteam.ivy.richdialog.widgets.style.StyleAdapterFactory.createStyleAdapter(StyleAdapterFactory.java:18)
	at ch.ivyteam.ivy.richdialog.widgets.internal.RichComponentImpl.<init>(RichComponentImpl.java:63)
	at ch.ivyteam.ivy.richdialog.widgets.internal.RichContainerImpl.<init>(RichContainerImpl.java:36)
	at ch.ivyteam.ivy.richdialog.widgets.containers.RBorderLayoutPane.initialize(RBorderLayoutPane.java:52)
	at ch.ivyteam.ivy.richdialog.widgets.containers.RBorderLayoutPane.<init>(RBorderLayoutPane.java:32)
	at sun.reflect.NativeConstructorAccessorImpl.newInstance0(Native Method)
	at sun.reflect.NativeConstructorAccessorImpl.newInstance(NativeConstructorAccessorImpl.java:39)
	at sun.reflect.DelegatingConstructorAccessorImpl.newInstance(DelegatingConstructorAccessorImpl.java:27)
	at java.lang.reflect.Constructor.newInstance(Constructor.java:513)
	at org.eclipse.jem.internal.proxy.initParser.tree.ExpressionProcesser.pushClassInstanceCreation(ExpressionProcesser.java:2463)
	at org.eclipse.jem.internal.proxy.vm.remote.ExpressionProcesserController.process(ExpressionProcesserController.java:246)
	at org.eclipse.jem.internal.proxy.vm.remote.ConnectionHandler.processExpressionCommand(ConnectionHandler.java:624)
	at org.eclipse.jem.internal.proxy.vm.remote.ConnectionHandler.run(ConnectionHandler.java:517)
	at org.eclipse.jem.internal.proxy.vm.remote.ConnectionThread.run(ConnectionThread.java:47)
Caused by: java.net.SocketException: Network is unreachable: connect
	at java.net.PlainSocketImpl.socketConnect(Native Method)
	at java.net.PlainSocketImpl.doConnect(PlainSocketImpl.java:333)
	at java.net.PlainSocketImpl.connectToAddress(PlainSocketImpl.java:195)
	at java.net.PlainSocketImpl.connect(PlainSocketImpl.java:182)
	at java.net.SocksSocketImpl.connect(SocksSocketImpl.java:366)
	at java.net.Socket.connect(Socket.java:525)
	at java.net.Socket.connect(Socket.java:475)
	at java.net.Socket.<init>(Socket.java:372)
	at java.net.Socket.<init>(Socket.java:186)
	at sun.rmi.transport.proxy.RMIDirectSocketFactory.createSocket(RMIDirectSocketFactory.java:22)
	at sun.rmi.transport.proxy.RMIMasterSocketFactory.createSocket(RMIMasterSocketFactory.java:128)
	at sun.rmi.transport.tcp.TCPEndpoint.newSocket(TCPEndpoint.java:595)
	... 24 more
FATAL - ch.ivyteam.ivy.richdialog.widgets.style - Can not connect from remote visual editor vm to xpert.ivy designer
java.rmi.ConnectIOException: Exception creating connection to: 192.168.3.59; nested exception is: 
	java.net.SocketException: Network is unreachable: connect
	at sun.rmi.transport.tcp.TCPEndpoint.newSocket(TCPEndpoint.java:614)
	at sun.rmi.transport.tcp.TCPChannel.createConnection(TCPChannel.java:198)
	at sun.rmi.transport.tcp.TCPChannel.newConnection(TCPChannel.java:184)
	at sun.rmi.server.UnicastRef.invoke(UnicastRef.java:110)
	at java.rmi.server.RemoteObjectInvocationHandler.invokeRemoteMethod(RemoteObjectInvocationHandler.java:178)
	at java.rmi.server.RemoteObjectInvocationHandler.invoke(RemoteObjectInvocationHandler.java:132)
	at $Proxy0.getIvyProject(Unknown Source)
	at ch.ivyteam.ivy.rmiinterface.RmiInterfaceFactory.createRemoteIvyProject(RmiInterfaceFactory.java:84)
	at ch.ivyteam.ivy.richdialog.widgets.style.internal.WidgetStyleManager.getStylePropertyProvider(WidgetStyleManager.java:280)
	at ch.ivyteam.ivy.richdialog.widgets.style.internal.WidgetStyleManager.<init>(WidgetStyleManager.java:133)
	at ch.ivyteam.ivy.richdialog.widgets.style.WidgetStyleManagerFactory.getWidgetStyleManager(WidgetStyleManagerFactory.java:40)
	at ch.ivyteam.ivy.richdialog.widgets.style.StyleAdapterFactory.createStyleAdapter(StyleAdapterFactory.java:18)
	at ch.ivyteam.ivy.richdialog.widgets.internal.RichComponentImpl.<init>(RichComponentImpl.java:63)
	at ch.ivyteam.ivy.richdialog.widgets.internal.RichContainerImpl.<init>(RichContainerImpl.java:36)
	at ch.ivyteam.ivy.richdialog.widgets.containers.RBorderLayoutPane.initialize(RBorderLayoutPane.java:52)
	at ch.ivyteam.ivy.richdialog.widgets.containers.RBorderLayoutPane.<init>(RBorderLayoutPane.java:32)
	at sun.reflect.NativeConstructorAccessorImpl.newInstance0(Native Method)
	at sun.reflect.NativeConstructorAccessorImpl.newInstance(NativeConstructorAccessorImpl.java:39)
	at sun.reflect.DelegatingConstructorAccessorImpl.newInstance(DelegatingConstructorAccessorImpl.java:27)
	at java.lang.reflect.Constructor.newInstance(Constructor.java:513)
	at org.eclipse.jem.internal.proxy.initParser.tree.ExpressionProcesser.pushClassInstanceCreation(ExpressionProcesser.java:2463)
	at org.eclipse.jem.internal.proxy.vm.remote.ExpressionProcesserController.process(ExpressionProcesserController.java:246)
	at org.eclipse.jem.internal.proxy.vm.remote.ConnectionHandler.processExpressionCommand(ConnectionHandler.java:624)
	at org.eclipse.jem.internal.proxy.vm.remote.ConnectionHandler.run(ConnectionHandler.java:517)
	at org.eclipse.jem.internal.proxy.vm.remote.ConnectionThread.run(ConnectionThread.java:47)
Caused by: java.net.SocketException: Network is unreachable: connect
	at java.net.PlainSocketImpl.socketConnect(Native Method)
	at java.net.PlainSocketImpl.doConnect(PlainSocketImpl.java:333)
	at java.net.PlainSocketImpl.connectToAddress(PlainSocketImpl.java:195)
	at java.net.PlainSocketImpl.connect(PlainSocketImpl.java:182)
	at java.net.SocksSocketImpl.connect(SocksSocketImpl.java:366)
	at java.net.Socket.connect(Socket.java:525)
	at java.net.Socket.connect(Socket.java:475)
	at java.net.Socket.<init>(Socket.java:372)
	at java.net.Socket.<init>(Socket.java:186)
	at sun.rmi.transport.proxy.RMIDirectSocketFactory.createSocket(RMIDirectSocketFactory.java:22)
	at sun.rmi.transport.proxy.RMIMasterSocketFactory.createSocket(RMIMasterSocketFactory.java:128)
	at sun.rmi.transport.tcp.TCPEndpoint.newSocket(TCPEndpoint.java:595)
	... 24 more
FATAL - ch.ivyteam.ivy.richdialog.widgets.style - Can not connect from remote visual editor vm to xpert.ivy designer
java.rmi.ConnectIOException: Exception creating connection to: 169.254.72.118; nested exception is: 
	java.net.SocketException: Network is unreachable: connect
	at sun.rmi.transport.tcp.TCPEndpoint.newSocket(TCPEndpoint.java:614)
	at sun.rmi.transport.tcp.TCPChannel.createConnection(TCPChannel.java:198)
	at sun.rmi.transport.tcp.TCPChannel.newConnection(TCPChannel.java:184)
	at sun.rmi.server.UnicastRef.invoke(UnicastRef.java:110)
	at java.rmi.server.RemoteObjectInvocationHandler.invokeRemoteMethod(RemoteObjectInvocationHandler.java:178)
	at java.rmi.server.RemoteObjectInvocationHandler.invoke(RemoteObjectInvocationHandler.java:132)
	at $Proxy0.getIvyProject(Unknown Source)
	at ch.ivyteam.ivy.rmiinterface.RmiInterfaceFactory.createRemoteIvyProject(RmiInterfaceFactory.java:84)
	at ch.ivyteam.ivy.richdialog.widgets.style.internal.WidgetStyleManager.getStylePropertyProvider(WidgetStyleManager.java:280)
	at ch.ivyteam.ivy.richdialog.widgets.style.internal.WidgetStyleManager.<init>(WidgetStyleManager.java:133)
	at ch.ivyteam.ivy.richdialog.widgets.style.WidgetStyleManagerFactory.getWidgetStyleManager(WidgetStyleManagerFactory.java:40)
	at ch.ivyteam.ivy.richdialog.widgets.style.StyleAdapterFactory.createStyleAdapter(StyleAdapterFactory.java:18)
	at ch.ivyteam.ivy.richdialog.widgets.internal.RichComponentImpl.<init>(RichComponentImpl.java:63)
	at ch.ivyteam.ivy.richdialog.widgets.internal.RichContainerImpl.<init>(RichContainerImpl.java:36)
	at ch.ivyteam.ivy.richdialog.widgets.containers.RBorderLayoutPane.initialize(RBorderLayoutPane.java:52)
	at ch.ivyteam.ivy.richdialog.widgets.containers.RBorderLayoutPane.<init>(RBorderLayoutPane.java:32)
	at sun.reflect.NativeConstructorAccessorImpl.newInstance0(Native Method)
	at sun.reflect.NativeConstructorAccessorImpl.newInstance(NativeConstructorAccessorImpl.java:39)
	at sun.reflect.DelegatingConstructorAccessorImpl.newInstance(DelegatingConstructorAccessorImpl.java:27)
	at java.lang.reflect.Constructor.newInstance(Constructor.java:513)
	at org.eclipse.jem.internal.proxy.initParser.tree.ExpressionProcesser.pushClassInstanceCreation(ExpressionProcesser.java:2463)
	at org.eclipse.jem.internal.proxy.vm.remote.ExpressionProcesserController.process(ExpressionProcesserController.java:246)
	at org.eclipse.jem.internal.proxy.vm.remote.ConnectionHandler.processExpressionCommand(ConnectionHandler.java:624)
	at org.eclipse.jem.internal.proxy.vm.remote.ConnectionHandler.run(ConnectionHandler.java:517)
	at org.eclipse.jem.internal.proxy.vm.remote.ConnectionThread.run(ConnectionThread.java:47)
Caused by: java.net.SocketException: Network is unreachable: connect
	at java.net.PlainSocketImpl.socketConnect(Native Method)
	at java.net.PlainSocketImpl.doConnect(PlainSocketImpl.java:333)
	at java.net.PlainSocketImpl.connectToAddress(PlainSocketImpl.java:195)
	at java.net.PlainSocketImpl.connect(PlainSocketImpl.java:182)
	at java.net.SocksSocketImpl.connect(SocksSocketImpl.java:366)
	at java.net.Socket.connect(Socket.java:525)
	at java.net.Socket.connect(Socket.java:475)
	at java.net.Socket.<init>(Socket.java:372)
	at java.net.Socket.<init>(Socket.java:186)
	at sun.rmi.transport.proxy.RMIDirectSocketFactory.createSocket(RMIDirectSocketFactory.java:22)
	at sun.rmi.transport.proxy.RMIMasterSocketFactory.createSocket(RMIMasterSocketFactory.java:128)
	at sun.rmi.transport.tcp.TCPEndpoint.newSocket(TCPEndpoint.java:595)
	... 24 more
FATAL - ch.ivyteam.ivy.richdialog.widgets.style - Can not connect from remote visual editor vm to xpert.ivy designer
java.rmi.ConnectIOException: Exception creating connection to: 169.254.72.118; nested exception is: 
	java.net.SocketException: Network is unreachable: connect
	at sun.rmi.transport.tcp.TCPEndpoint.newSocket(TCPEndpoint.java:614)
	at sun.rmi.transport.tcp.TCPChannel.createConnection(TCPChannel.java:198)
	at sun.rmi.transport.tcp.TCPChannel.newConnection(TCPChannel.java:184)
	at sun.rmi.server.UnicastRef.invoke(UnicastRef.java:110)
	at java.rmi.server.RemoteObjectInvocationHandler.invokeRemoteMethod(RemoteObjectInvocationHandler.java:178)
	at java.rmi.server.RemoteObjectInvocationHandler.invoke(RemoteObjectInvocationHandler.java:132)
	at $Proxy0.getIvyProject(Unknown Source)
	at ch.ivyteam.ivy.rmiinterface.RmiInterfaceFactory.createRemoteIvyProject(RmiInterfaceFactory.java:84)
	at ch.ivyteam.ivy.richdialog.widgets.style.internal.WidgetStyleManager.getStylePropertyProvider(WidgetStyleManager.java:280)
	at ch.ivyteam.ivy.richdialog.widgets.style.internal.WidgetStyleManager.<init>(WidgetStyleManager.java:133)
	at ch.ivyteam.ivy.richdialog.widgets.style.WidgetStyleManagerFactory.getWidgetStyleManager(WidgetStyleManagerFactory.java:40)
	at ch.ivyteam.ivy.richdialog.widgets.style.StyleAdapterFactory.createStyleAdapter(StyleAdapterFactory.java:18)
	at ch.ivyteam.ivy.richdialog.widgets.internal.RichComponentImpl.<init>(RichComponentImpl.java:63)
	at ch.ivyteam.ivy.richdialog.widgets.internal.RichContainerImpl.<init>(RichContainerImpl.java:36)
	at ch.ivyteam.ivy.richdialog.widgets.containers.RBorderLayoutPane.initialize(RBorderLayoutPane.java:52)
	at ch.ivyteam.ivy.richdialog.widgets.containers.RBorderLayoutPane.<init>(RBorderLayoutPane.java:32)
	at sun.reflect.NativeConstructorAccessorImpl.newInstance0(Native Method)
	at sun.reflect.NativeConstructorAccessorImpl.newInstance(NativeConstructorAccessorImpl.java:39)
	at sun.reflect.DelegatingConstructorAccessorImpl.newInstance(DelegatingConstructorAccessorImpl.java:27)
	at java.lang.reflect.Constructor.newInstance(Constructor.java:513)
	at org.eclipse.jem.internal.proxy.initParser.tree.ExpressionProcesser.pushClassInstanceCreation(ExpressionProcesser.java:2463)
	at org.eclipse.jem.internal.proxy.vm.remote.ExpressionProcesserController.process(ExpressionProcesserController.java:246)
	at org.eclipse.jem.internal.proxy.vm.remote.ConnectionHandler.processExpressionCommand(ConnectionHandler.java:624)
	at org.eclipse.jem.internal.proxy.vm.remote.ConnectionHandler.run(ConnectionHandler.java:517)
	at org.eclipse.jem.internal.proxy.vm.remote.ConnectionThread.run(ConnectionThread.java:47)
Caused by: java.net.SocketException: Network is unreachable: connect
	at java.net.PlainSocketImpl.socketConnect(Native Method)
	at java.net.PlainSocketImpl.doConnect(PlainSocketImpl.java:333)
	at java.net.PlainSocketImpl.connectToAddress(PlainSocketImpl.java:195)
	at java.net.PlainSocketImpl.connect(PlainSocketImpl.java:182)
	at java.net.SocksSocketImpl.connect(SocksSocketImpl.java:366)
	at java.net.Socket.connect(Socket.java:525)
	at java.net.Socket.connect(Socket.java:475)
	at java.net.Socket.<init>(Socket.java:372)
	at java.net.Socket.<init>(Socket.java:186)
	at sun.rmi.transport.proxy.RMIDirectSocketFactory.createSocket(RMIDirectSocketFactory.java:22)
	at sun.rmi.transport.proxy.RMIMasterSocketFactory.createSocket(RMIMasterSocketFactory.java:128)
	at sun.rmi.transport.tcp.TCPEndpoint.newSocket(TCPEndpoint.java:595)
	... 24 more
FATAL - ch.ivyteam.ivy.richdialog.widgets.style - Can not connect from remote visual editor vm to xpert.ivy designer
java.rmi.ConnectIOException: Exception creating connection to: 169.254.72.118; nested exception is: 
	java.net.SocketException: Network is unreachable: connect
	at sun.rmi.transport.tcp.TCPEndpoint.newSocket(TCPEndpoint.java:614)
	at sun.rmi.transport.tcp.TCPChannel.createConnection(TCPChannel.java:198)
	at sun.rmi.transport.tcp.TCPChannel.newConnection(TCPChannel.java:184)
	at sun.rmi.server.UnicastRef.invoke(UnicastRef.java:110)
	at java.rmi.server.RemoteObjectInvocationHandler.invokeRemoteMethod(RemoteObjectInvocationHandler.java:178)
	at java.rmi.server.RemoteObjectInvocationHandler.invoke(RemoteObjectInvocationHandler.java:132)
	at $Proxy0.getIvyProject(Unknown Source)
	at ch.ivyteam.ivy.rmiinterface.RmiInterfaceFactory.createRemoteIvyProject(RmiInterfaceFactory.java:84)
	at ch.ivyteam.ivy.richdialog.widgets.style.internal.WidgetStyleManager.getStylePropertyProvider(WidgetStyleManager.java:280)
	at ch.ivyteam.ivy.richdialog.widgets.style.internal.WidgetStyleManager.<init>(WidgetStyleManager.java:133)
	at ch.ivyteam.ivy.richdialog.widgets.style.WidgetStyleManagerFactory.getWidgetStyleManager(WidgetStyleManagerFactory.java:40)
	at ch.ivyteam.ivy.richdialog.widgets.style.StyleAdapterFactory.createStyleAdapter(StyleAdapterFactory.java:18)
	at ch.ivyteam.ivy.richdialog.widgets.internal.RichComponentImpl.<init>(RichComponentImpl.java:63)
	at ch.ivyteam.ivy.richdialog.widgets.internal.RichContainerImpl.<init>(RichContainerImpl.java:36)
	at ch.ivyteam.ivy.richdialog.widgets.containers.RBorderLayoutPane.initialize(RBorderLayoutPane.java:52)
	at ch.ivyteam.ivy.richdialog.widgets.containers.RBorderLayoutPane.<init>(RBorderLayoutPane.java:32)
	at sun.reflect.NativeConstructorAccessorImpl.newInstance0(Native Method)
	at sun.reflect.NativeConstructorAccessorImpl.newInstance(NativeConstructorAccessorImpl.java:39)
	at sun.reflect.DelegatingConstructorAccessorImpl.newInstance(DelegatingConstructorAccessorImpl.java:27)
	at java.lang.reflect.Constructor.newInstance(Constructor.java:513)
	at org.eclipse.jem.internal.proxy.initParser.tree.ExpressionProcesser.pushClassInstanceCreation(ExpressionProcesser.java:2463)
	at org.eclipse.jem.internal.proxy.vm.remote.ExpressionProcesserController.process(ExpressionProcesserController.java:246)
	at org.eclipse.jem.internal.proxy.vm.remote.ConnectionHandler.processExpressionCommand(ConnectionHandler.java:624)
	at org.eclipse.jem.internal.proxy.vm.remote.ConnectionHandler.run(ConnectionHandler.java:517)
	at org.eclipse.jem.internal.proxy.vm.remote.ConnectionThread.run(ConnectionThread.java:47)
Caused by: java.net.SocketException: Network is unreachable: connect
	at java.net.PlainSocketImpl.socketConnect(Native Method)
	at java.net.PlainSocketImpl.doConnect(PlainSocketImpl.java:333)
	at java.net.PlainSocketImpl.connectToAddress(PlainSocketImpl.java:195)
	at java.net.PlainSocketImpl.connect(PlainSocketImpl.java:182)
	at java.net.SocksSocketImpl.connect(SocksSocketImpl.java:366)
	at java.net.Socket.connect(Socket.java:525)
	at java.net.Socket.connect(Socket.java:475)
	at java.net.Socket.<init>(Socket.java:372)
	at java.net.Socket.<init>(Socket.java:186)
	at sun.rmi.transport.proxy.RMIDirectSocketFactory.createSocket(RMIDirectSocketFactory.java:22)
	at sun.rmi.transport.proxy.RMIMasterSocketFactory.createSocket(RMIMasterSocketFactory.java:128)
	at sun.rmi.transport.tcp.TCPEndpoint.newSocket(TCPEndpoint.java:595)
	... 24 more
FATAL - ch.ivyteam.ivy.richdialog.widgets.style - Can not connect from remote visual editor vm to xpert.ivy designer
java.rmi.ConnectIOException: Exception creating connection to: 169.254.72.118; nested exception is: 
	java.net.SocketException: Network is unreachable: connect
	at sun.rmi.transport.tcp.TCPEndpoint.newSocket(TCPEndpoint.java:614)
	at sun.rmi.transport.tcp.TCPChannel.createConnection(TCPChannel.java:198)
	at sun.rmi.transport.tcp.TCPChannel.newConnection(TCPChannel.java:184)
	at sun.rmi.server.UnicastRef.invoke(UnicastRef.java:110)
	at java.rmi.server.RemoteObjectInvocationHandler.invokeRemoteMethod(RemoteObjectInvocationHandler.java:178)
	at java.rmi.server.RemoteObjectInvocationHandler.invoke(RemoteObjectInvocationHandler.java:132)
	at $Proxy0.getIvyProject(Unknown Source)
	at ch.ivyteam.ivy.rmiinterface.RmiInterfaceFactory.createRemoteIvyProject(RmiInterfaceFactory.java:84)
	at ch.ivyteam.ivy.richdialog.widgets.style.internal.WidgetStyleManager.getStylePropertyProvider(WidgetStyleManager.java:280)
	at ch.ivyteam.ivy.richdialog.widgets.style.internal.WidgetStyleManager.<init>(WidgetStyleManager.java:133)
	at ch.ivyteam.ivy.richdialog.widgets.style.WidgetStyleManagerFactory.getWidgetStyleManager(WidgetStyleManagerFactory.java:40)
	at ch.ivyteam.ivy.richdialog.widgets.style.StyleAdapterFactory.createStyleAdapter(StyleAdapterFactory.java:18)
	at ch.ivyteam.ivy.richdialog.widgets.internal.RichComponentImpl.<init>(RichComponentImpl.java:63)
	at ch.ivyteam.ivy.richdialog.widgets.internal.RichContainerImpl.<init>(RichContainerImpl.java:36)
	at ch.ivyteam.ivy.richdialog.widgets.containers.RBorderLayoutPane.initialize(RBorderLayoutPane.java:52)
	at ch.ivyteam.ivy.richdialog.widgets.containers.RBorderLayoutPane.<init>(RBorderLayoutPane.java:32)
	at sun.reflect.NativeConstructorAccessorImpl.newInstance0(Native Method)
	at sun.reflect.NativeConstructorAccessorImpl.newInstance(NativeConstructorAccessorImpl.java:39)
	at sun.reflect.DelegatingConstructorAccessorImpl.newInstance(DelegatingConstructorAccessorImpl.java:27)
	at java.lang.reflect.Constructor.newInstance(Constructor.java:513)
	at org.eclipse.jem.internal.proxy.initParser.tree.ExpressionProcesser.pushClassInstanceCreation(ExpressionProcesser.java:2463)
	at org.eclipse.jem.internal.proxy.vm.remote.ExpressionProcesserController.process(ExpressionProcesserController.java:246)
	at org.eclipse.jem.internal.proxy.vm.remote.ConnectionHandler.processExpressionCommand(ConnectionHandler.java:624)
	at org.eclipse.jem.internal.proxy.vm.remote.ConnectionHandler.run(ConnectionHandler.java:517)
	at org.eclipse.jem.internal.proxy.vm.remote.ConnectionThread.run(ConnectionThread.java:47)
Caused by: java.net.SocketException: Network is unreachable: connect
	at java.net.PlainSocketImpl.socketConnect(Native Method)
	at java.net.PlainSocketImpl.doConnect(PlainSocketImpl.java:333)
	at java.net.PlainSocketImpl.connectToAddress(PlainSocketImpl.java:195)
	at java.net.PlainSocketImpl.connect(PlainSocketImpl.java:182)
	at java.net.SocksSocketImpl.connect(SocksSocketImpl.java:366)
	at java.net.Socket.connect(Socket.java:525)
	at java.net.Socket.connect(Socket.java:475)
	at java.net.Socket.<init>(Socket.java:372)
	at java.net.Socket.<init>(Socket.java:186)
	at sun.rmi.transport.proxy.RMIDirectSocketFactory.createSocket(RMIDirectSocketFactory.java:22)
	at sun.rmi.transport.proxy.RMIMasterSocketFactory.createSocket(RMIMasterSocketFactory.java:128)
	at sun.rmi.transport.tcp.TCPEndpoint.newSocket(TCPEndpoint.java:595)
	... 24 more
FATAL - ch.ivyteam.ivy.richdialog.widgets.style - Can not connect from remote visual editor vm to xpert.ivy designer
java.rmi.ConnectIOException: Exception creating connection to: 169.254.72.118; nested exception is: 
	java.net.SocketException: Network is unreachable: connect
	at sun.rmi.transport.tcp.TCPEndpoint.newSocket(TCPEndpoint.java:614)
	at sun.rmi.transport.tcp.TCPChannel.createConnection(TCPChannel.java:198)
	at sun.rmi.transport.tcp.TCPChannel.newConnection(TCPChannel.java:184)
	at sun.rmi.server.UnicastRef.invoke(UnicastRef.java:110)
	at java.rmi.server.RemoteObjectInvocationHandler.invokeRemoteMethod(RemoteObjectInvocationHandler.java:178)
	at java.rmi.server.RemoteObjectInvocationHandler.invoke(RemoteObjectInvocationHandler.java:132)
	at $Proxy0.getIvyProject(Unknown Source)
	at ch.ivyteam.ivy.rmiinterface.RmiInterfaceFactory.createRemoteIvyProject(RmiInterfaceFactory.java:84)
	at ch.ivyteam.ivy.richdialog.widgets.style.internal.WidgetStyleManager.getStylePropertyProvider(WidgetStyleManager.java:280)
	at ch.ivyteam.ivy.richdialog.widgets.style.internal.WidgetStyleManager.<init>(WidgetStyleManager.java:133)
	at ch.ivyteam.ivy.richdialog.widgets.style.WidgetStyleManagerFactory.getWidgetStyleManager(WidgetStyleManagerFactory.java:40)
	at ch.ivyteam.ivy.richdialog.widgets.style.StyleAdapterFactory.createStyleAdapter(StyleAdapterFactory.java:18)
	at ch.ivyteam.ivy.richdialog.widgets.internal.RichComponentImpl.<init>(RichComponentImpl.java:63)
	at ch.ivyteam.ivy.richdialog.widgets.internal.RichContainerImpl.<init>(RichContainerImpl.java:36)
	at ch.ivyteam.ivy.richdialog.widgets.containers.RBorderLayoutPane.initialize(RBorderLayoutPane.java:52)
	at ch.ivyteam.ivy.richdialog.widgets.containers.RBorderLayoutPane.<init>(RBorderLayoutPane.java:32)
	at sun.reflect.NativeConstructorAccessorImpl.newInstance0(Native Method)
	at sun.reflect.NativeConstructorAccessorImpl.newInstance(NativeConstructorAccessorImpl.java:39)
	at sun.reflect.DelegatingConstructorAccessorImpl.newInstance(DelegatingConstructorAccessorImpl.java:27)
	at java.lang.reflect.Constructor.newInstance(Constructor.java:513)
	at org.eclipse.jem.internal.proxy.initParser.tree.ExpressionProcesser.pushClassInstanceCreation(ExpressionProcesser.java:2463)
	at org.eclipse.jem.internal.proxy.vm.remote.ExpressionProcesserController.process(ExpressionProcesserController.java:246)
	at org.eclipse.jem.internal.proxy.vm.remote.ConnectionHandler.processExpressionCommand(ConnectionHandler.java:624)
	at org.eclipse.jem.internal.proxy.vm.remote.ConnectionHandler.run(ConnectionHandler.java:517)
	at org.eclipse.jem.internal.proxy.vm.remote.ConnectionThread.run(ConnectionThread.java:47)
Caused by: java.net.SocketException: Network is unreachable: connect
	at java.net.PlainSocketImpl.socketConnect(Native Method)
	at java.net.PlainSocketImpl.doConnect(PlainSocketImpl.java:333)
	at java.net.PlainSocketImpl.connectToAddress(PlainSocketImpl.java:195)
	at java.net.PlainSocketImpl.connect(PlainSocketImpl.java:182)
	at java.net.SocksSocketImpl.connect(SocksSocketImpl.java:366)
	at java.net.Socket.connect(Socket.java:525)
	at java.net.Socket.connect(Socket.java:475)
	at java.net.Socket.<init>(Socket.java:372)
	at java.net.Socket.<init>(Socket.java:186)
	at sun.rmi.transport.proxy.RMIDirectSocketFactory.createSocket(RMIDirectSocketFactory.java:22)
	at sun.rmi.transport.proxy.RMIMasterSocketFactory.createSocket(RMIMasterSocketFactory.java:128)
	at sun.rmi.transport.tcp.TCPEndpoint.newSocket(TCPEndpoint.java:595)
	... 24 more
FATAL - ch.ivyteam.ivy.richdialog.widgets.style - Can not connect from remote visual editor vm to xpert.ivy designer
java.rmi.ConnectIOException: Exception creating connection to: 169.254.72.118; nested exception is: 
	java.net.SocketException: Network is unreachable: connect
	at sun.rmi.transport.tcp.TCPEndpoint.newSocket(TCPEndpoint.java:614)
	at sun.rmi.transport.tcp.TCPChannel.createConnection(TCPChannel.java:198)
	at sun.rmi.transport.tcp.TCPChannel.newConnection(TCPChannel.java:184)
	at sun.rmi.server.UnicastRef.invoke(UnicastRef.java:110)
	at java.rmi.server.RemoteObjectInvocationHandler.invokeRemoteMethod(RemoteObjectInvocationHandler.java:178)
	at java.rmi.server.RemoteObjectInvocationHandler.invoke(RemoteObjectInvocationHandler.java:132)
	at $Proxy0.getIvyProject(Unknown Source)
	at ch.ivyteam.ivy.rmiinterface.RmiInterfaceFactory.createRemoteIvyProject(RmiInterfaceFactory.java:84)
	at ch.ivyteam.ivy.richdialog.widgets.style.internal.WidgetStyleManager.getStylePropertyProvider(WidgetStyleManager.java:280)
	at ch.ivyteam.ivy.richdialog.widgets.style.internal.WidgetStyleManager.<init>(WidgetStyleManager.java:133)
	at ch.ivyteam.ivy.richdialog.widgets.style.WidgetStyleManagerFactory.getWidgetStyleManager(WidgetStyleManagerFactory.java:40)
	at ch.ivyteam.ivy.richdialog.widgets.style.StyleAdapterFactory.createStyleAdapter(StyleAdapterFactory.java:18)
	at ch.ivyteam.ivy.richdialog.widgets.internal.RichComponentImpl.<init>(RichComponentImpl.java:63)
	at ch.ivyteam.ivy.richdialog.widgets.internal.RichContainerImpl.<init>(RichContainerImpl.java:36)
	at ch.ivyteam.ivy.richdialog.widgets.containers.RBorderLayoutPane.initialize(RBorderLayoutPane.java:52)
	at ch.ivyteam.ivy.richdialog.widgets.containers.RBorderLayoutPane.<init>(RBorderLayoutPane.java:32)
	at sun.reflect.NativeConstructorAccessorImpl.newInstance0(Native Method)
	at sun.reflect.NativeConstructorAccessorImpl.newInstance(NativeConstructorAccessorImpl.java:39)
	at sun.reflect.DelegatingConstructorAccessorImpl.newInstance(DelegatingConstructorAccessorImpl.java:27)
	at java.lang.reflect.Constructor.newInstance(Constructor.java:513)
	at org.eclipse.jem.internal.proxy.initParser.tree.ExpressionProcesser.pushClassInstanceCreation(ExpressionProcesser.java:2463)
	at org.eclipse.jem.internal.proxy.vm.remote.ExpressionProcesserController.process(ExpressionProcesserController.java:246)
	at org.eclipse.jem.internal.proxy.vm.remote.ConnectionHandler.processExpressionCommand(ConnectionHandler.java:624)
	at org.eclipse.jem.internal.proxy.vm.remote.ConnectionHandler.run(ConnectionHandler.java:517)
	at org.eclipse.jem.internal.proxy.vm.remote.ConnectionThread.run(ConnectionThread.java:47)
Caused by: java.net.SocketException: Network is unreachable: connect
	at java.net.PlainSocketImpl.socketConnect(Native Method)
	at java.net.PlainSocketImpl.doConnect(PlainSocketImpl.java:333)
	at java.net.PlainSocketImpl.connectToAddress(PlainSocketImpl.java:195)
	at java.net.PlainSocketImpl.connect(PlainSocketImpl.java:182)
	at java.net.SocksSocketImpl.connect(SocksSocketImpl.java:366)
	at java.net.Socket.connect(Socket.java:525)
	at java.net.Socket.connect(Socket.java:475)
	at java.net.Socket.<init>(Socket.java:372)
	at java.net.Socket.<init>(Socket.java:186)
	at sun.rmi.transport.proxy.RMIDirectSocketFactory.createSocket(RMIDirectSocketFactory.java:22)
	at sun.rmi.transport.proxy.RMIMasterSocketFactory.createSocket(RMIMasterSocketFactory.java:128)
	at sun.rmi.transport.tcp.TCPEndpoint.newSocket(TCPEndpoint.java:595)
	... 24 more
FATAL - ch.ivyteam.ivy.richdialog.widgets.style - Can not connect from remote visual editor vm to xpert.ivy designer
java.rmi.ConnectIOException: Exception creating connection to: 169.254.72.118; nested exception is: 
	java.net.SocketException: Network is unreachable: connect
	at sun.rmi.transport.tcp.TCPEndpoint.newSocket(TCPEndpoint.java:614)
	at sun.rmi.transport.tcp.TCPChannel.createConnection(TCPChannel.java:198)
	at sun.rmi.transport.tcp.TCPChannel.newConnection(TCPChannel.java:184)
	at sun.rmi.server.UnicastRef.invoke(UnicastRef.java:110)
	at java.rmi.server.RemoteObjectInvocationHandler.invokeRemoteMethod(RemoteObjectInvocationHandler.java:178)
	at java.rmi.server.RemoteObjectInvocationHandler.invoke(RemoteObjectInvocationHandler.java:132)
	at $Proxy0.getIvyProject(Unknown Source)
	at ch.ivyteam.ivy.rmiinterface.RmiInterfaceFactory.createRemoteIvyProject(RmiInterfaceFactory.java:84)
	at ch.ivyteam.ivy.richdialog.widgets.style.internal.WidgetStyleManager.getStylePropertyProvider(WidgetStyleManager.java:280)
	at ch.ivyteam.ivy.richdialog.widgets.style.internal.WidgetStyleManager.<init>(WidgetStyleManager.java:133)
	at ch.ivyteam.ivy.richdialog.widgets.style.WidgetStyleManagerFactory.getWidgetStyleManager(WidgetStyleManagerFactory.java:40)
	at ch.ivyteam.ivy.richdialog.widgets.style.StyleAdapterFactory.createStyleAdapter(StyleAdapterFactory.java:18)
	at ch.ivyteam.ivy.richdialog.widgets.internal.RichComponentImpl.<init>(RichComponentImpl.java:63)
	at ch.ivyteam.ivy.richdialog.widgets.internal.RichContainerImpl.<init>(RichContainerImpl.java:36)
	at ch.ivyteam.ivy.richdialog.widgets.containers.RBorderLayoutPane.initialize(RBorderLayoutPane.java:52)
	at ch.ivyteam.ivy.richdialog.widgets.containers.RBorderLayoutPane.<init>(RBorderLayoutPane.java:32)
	at sun.reflect.NativeConstructorAccessorImpl.newInstance0(Native Method)
	at sun.reflect.NativeConstructorAccessorImpl.newInstance(NativeConstructorAccessorImpl.java:39)
	at sun.reflect.DelegatingConstructorAccessorImpl.newInstance(DelegatingConstructorAccessorImpl.java:27)
	at java.lang.reflect.Constructor.newInstance(Constructor.java:513)
	at org.eclipse.jem.internal.proxy.initParser.tree.ExpressionProcesser.pushClassInstanceCreation(ExpressionProcesser.java:2463)
	at org.eclipse.jem.internal.proxy.vm.remote.ExpressionProcesserController.process(ExpressionProcesserController.java:246)
	at org.eclipse.jem.internal.proxy.vm.remote.ConnectionHandler.processExpressionCommand(ConnectionHandler.java:624)
	at org.eclipse.jem.internal.proxy.vm.remote.ConnectionHandler.run(ConnectionHandler.java:517)
	at org.eclipse.jem.internal.proxy.vm.remote.ConnectionThread.run(ConnectionThread.java:47)
Caused by: java.net.SocketException: Network is unreachable: connect
	at java.net.PlainSocketImpl.socketConnect(Native Method)
	at java.net.PlainSocketImpl.doConnect(PlainSocketImpl.java:333)
	at java.net.PlainSocketImpl.connectToAddress(PlainSocketImpl.java:195)
	at java.net.PlainSocketImpl.connect(PlainSocketImpl.java:182)
	at java.net.SocksSocketImpl.connect(SocksSocketImpl.java:366)
	at java.net.Socket.connect(Socket.java:525)
	at java.net.Socket.connect(Socket.java:475)
	at java.net.Socket.<init>(Socket.java:372)
	at java.net.Socket.<init>(Socket.java:186)
	at sun.rmi.transport.proxy.RMIDirectSocketFactory.createSocket(RMIDirectSocketFactory.java:22)
	at sun.rmi.transport.proxy.RMIMasterSocketFactory.createSocket(RMIMasterSocketFactory.java:128)
	at sun.rmi.transport.tcp.TCPEndpoint.newSocket(TCPEndpoint.java:595)
	... 24 more
FATAL - ch.ivyteam.ivy.richdialog.widgets.style - Can not connect from remote visual editor vm to xpert.ivy designer
java.rmi.ConnectIOException: Exception creating connection to: 169.254.72.118; nested exception is: 
	java.net.SocketException: Network is unreachable: connect
	at sun.rmi.transport.tcp.TCPEndpoint.newSocket(TCPEndpoint.java:614)
	at sun.rmi.transport.tcp.TCPChannel.createConnection(TCPChannel.java:198)
	at sun.rmi.transport.tcp.TCPChannel.newConnection(TCPChannel.java:184)
	at sun.rmi.server.UnicastRef.invoke(UnicastRef.java:110)
	at java.rmi.server.RemoteObjectInvocationHandler.invokeRemoteMethod(RemoteObjectInvocationHandler.java:178)
	at java.rmi.server.RemoteObjectInvocationHandler.invoke(RemoteObjectInvocationHandler.java:132)
	at $Proxy0.getIvyProject(Unknown Source)
	at ch.ivyteam.ivy.rmiinterface.RmiInterfaceFactory.createRemoteIvyProject(RmiInterfaceFactory.java:84)
	at ch.ivyteam.ivy.richdialog.widgets.style.internal.WidgetStyleManager.getStylePropertyProvider(WidgetStyleManager.java:280)
	at ch.ivyteam.ivy.richdialog.widgets.style.internal.WidgetStyleManager.<init>(WidgetStyleManager.java:133)
	at ch.ivyteam.ivy.richdialog.widgets.style.WidgetStyleManagerFactory.getWidgetStyleManager(WidgetStyleManagerFactory.java:40)
	at ch.ivyteam.ivy.richdialog.widgets.style.StyleAdapterFactory.createStyleAdapter(StyleAdapterFactory.java:18)
	at ch.ivyteam.ivy.richdialog.widgets.internal.RichComponentImpl.<init>(RichComponentImpl.java:63)
	at ch.ivyteam.ivy.richdialog.widgets.internal.RichContainerImpl.<init>(RichContainerImpl.java:36)
	at ch.ivyteam.ivy.richdialog.widgets.containers.RBorderLayoutPane.initialize(RBorderLayoutPane.java:52)
	at ch.ivyteam.ivy.richdialog.widgets.containers.RBorderLayoutPane.<init>(RBorderLayoutPane.java:32)
	at sun.reflect.NativeConstructorAccessorImpl.newInstance0(Native Method)
	at sun.reflect.NativeConstructorAccessorImpl.newInstance(NativeConstructorAccessorImpl.java:39)
	at sun.reflect.DelegatingConstructorAccessorImpl.newInstance(DelegatingConstructorAccessorImpl.java:27)
	at java.lang.reflect.Constructor.newInstance(Constructor.java:513)
	at org.eclipse.jem.internal.proxy.initParser.tree.ExpressionProcesser.pushClassInstanceCreation(ExpressionProcesser.java:2463)
	at org.eclipse.jem.internal.proxy.vm.remote.ExpressionProcesserController.process(ExpressionProcesserController.java:246)
	at org.eclipse.jem.internal.proxy.vm.remote.ConnectionHandler.processExpressionCommand(ConnectionHandler.java:624)
	at org.eclipse.jem.internal.proxy.vm.remote.ConnectionHandler.run(ConnectionHandler.java:517)
	at org.eclipse.jem.internal.proxy.vm.remote.ConnectionThread.run(ConnectionThread.java:47)
Caused by: java.net.SocketException: Network is unreachable: connect
	at java.net.PlainSocketImpl.socketConnect(Native Method)
	at java.net.PlainSocketImpl.doConnect(PlainSocketImpl.java:333)
	at java.net.PlainSocketImpl.connectToAddress(PlainSocketImpl.java:195)
	at java.net.PlainSocketImpl.connect(PlainSocketImpl.java:182)
	at java.net.SocksSocketImpl.connect(SocksSocketImpl.java:366)
	at java.net.Socket.connect(Socket.java:525)
	at java.net.Socket.connect(Socket.java:475)
	at java.net.Socket.<init>(Socket.java:372)
	at java.net.Socket.<init>(Socket.java:186)
	at sun.rmi.transport.proxy.RMIDirectSocketFactory.createSocket(RMIDirectSocketFactory.java:22)
	at sun.rmi.transport.proxy.RMIMasterSocketFactory.createSocket(RMIMasterSocketFactory.java:128)
	at sun.rmi.transport.tcp.TCPEndpoint.newSocket(TCPEndpoint.java:595)
	... 24 more
FATAL - ch.ivyteam.ivy.richdialog.widgets.style - Can not connect from remote visual editor vm to xpert.ivy designer
java.rmi.ConnectIOException: Exception creating connection to: 169.254.72.118; nested exception is: 
	java.net.SocketException: Network is unreachable: connect
	at sun.rmi.transport.tcp.TCPEndpoint.newSocket(TCPEndpoint.java:614)
	at sun.rmi.transport.tcp.TCPChannel.createConnection(TCPChannel.java:198)
	at sun.rmi.transport.tcp.TCPChannel.newConnection(TCPChannel.java:184)
	at sun.rmi.server.UnicastRef.invoke(UnicastRef.java:110)
	at java.rmi.server.RemoteObjectInvocationHandler.invokeRemoteMethod(RemoteObjectInvocationHandler.java:178)
	at java.rmi.server.RemoteObjectInvocationHandler.invoke(RemoteObjectInvocationHandler.java:132)
	at $Proxy0.getIvyProject(Unknown Source)
	at ch.ivyteam.ivy.rmiinterface.RmiInterfaceFactory.createRemoteIvyProject(RmiInterfaceFactory.java:84)
	at ch.ivyteam.ivy.richdialog.widgets.style.internal.WidgetStyleManager.getStylePropertyProvider(WidgetStyleManager.java:280)
	at ch.ivyteam.ivy.richdialog.widgets.style.internal.WidgetStyleManager.<init>(WidgetStyleManager.java:133)
	at ch.ivyteam.ivy.richdialog.widgets.style.WidgetStyleManagerFactory.getWidgetStyleManager(WidgetStyleManagerFactory.java:40)
	at ch.ivyteam.ivy.richdialog.widgets.style.StyleAdapterFactory.createStyleAdapter(StyleAdapterFactory.java:18)
	at ch.ivyteam.ivy.richdialog.widgets.internal.RichComponentImpl.<init>(RichComponentImpl.java:63)
	at ch.ivyteam.ivy.richdialog.widgets.internal.RichContainerImpl.<init>(RichContainerImpl.java:36)
	at ch.ivyteam.ivy.richdialog.widgets.containers.RBorderLayoutPane.initialize(RBorderLayoutPane.java:52)
	at ch.ivyteam.ivy.richdialog.widgets.containers.RBorderLayoutPane.<init>(RBorderLayoutPane.java:32)
	at sun.reflect.NativeConstructorAccessorImpl.newInstance0(Native Method)
	at sun.reflect.NativeConstructorAccessorImpl.newInstance(NativeConstructorAccessorImpl.java:39)
	at sun.reflect.DelegatingConstructorAccessorImpl.newInstance(DelegatingConstructorAccessorImpl.java:27)
	at java.lang.reflect.Constructor.newInstance(Constructor.java:513)
	at org.eclipse.jem.internal.proxy.initParser.tree.ExpressionProcesser.pushClassInstanceCreation(ExpressionProcesser.java:2463)
	at org.eclipse.jem.internal.proxy.vm.remote.ExpressionProcesserController.process(ExpressionProcesserController.java:246)
	at org.eclipse.jem.internal.proxy.vm.remote.ConnectionHandler.processExpressionCommand(ConnectionHandler.java:624)
	at org.eclipse.jem.internal.proxy.vm.remote.ConnectionHandler.run(ConnectionHandler.java:517)
	at org.eclipse.jem.internal.proxy.vm.remote.ConnectionThread.run(ConnectionThread.java:47)
Caused by: java.net.SocketException: Network is unreachable: connect
	at java.net.PlainSocketImpl.socketConnect(Native Method)
	at java.net.PlainSocketImpl.doConnect(PlainSocketImpl.java:333)
	at java.net.PlainSocketImpl.connectToAddress(PlainSocketImpl.java:195)
	at java.net.PlainSocketImpl.connect(PlainSocketImpl.java:182)
	at java.net.SocksSocketImpl.connect(SocksSocketImpl.java:366)
	at java.net.Socket.connect(Socket.java:525)
	at java.net.Socket.connect(Socket.java:475)
	at java.net.Socket.<init>(Socket.java:372)
	at java.net.Socket.<init>(Socket.java:186)
	at sun.rmi.transport.proxy.RMIDirectSocketFactory.createSocket(RMIDirectSocketFactory.java:22)
	at sun.rmi.transport.proxy.RMIMasterSocketFactory.createSocket(RMIMasterSocketFactory.java:128)
	at sun.rmi.transport.tcp.TCPEndpoint.newSocket(TCPEndpoint.java:595)
	... 24 more
FATAL - ch.ivyteam.ivy.richdialog.widgets.style - Can not connect from remote visual editor vm to xpert.ivy designer
java.rmi.ConnectIOException: Exception creating connection to: 169.254.72.118; nested exception is: 
	java.net.SocketException: Network is unreachable: connect
	at sun.rmi.transport.tcp.TCPEndpoint.newSocket(TCPEndpoint.java:614)
	at sun.rmi.transport.tcp.TCPChannel.createConnection(TCPChannel.java:198)
	at sun.rmi.transport.tcp.TCPChannel.newConnection(TCPChannel.java:184)
	at sun.rmi.server.UnicastRef.invoke(UnicastRef.java:110)
	at java.rmi.server.RemoteObjectInvocationHandler.invokeRemoteMethod(RemoteObjectInvocationHandler.java:178)
	at java.rmi.server.RemoteObjectInvocationHandler.invoke(RemoteObjectInvocationHandler.java:132)
	at $Proxy0.getIvyProject(Unknown Source)
	at ch.ivyteam.ivy.rmiinterface.RmiInterfaceFactory.createRemoteIvyProject(RmiInterfaceFactory.java:84)
	at ch.ivyteam.ivy.richdialog.widgets.style.internal.WidgetStyleManager.getStylePropertyProvider(WidgetStyleManager.java:280)
	at ch.ivyteam.ivy.richdialog.widgets.style.internal.WidgetStyleManager.<init>(WidgetStyleManager.java:133)
	at ch.ivyteam.ivy.richdialog.widgets.style.WidgetStyleManagerFactory.getWidgetStyleManager(WidgetStyleManagerFactory.java:40)
	at ch.ivyteam.ivy.richdialog.widgets.style.StyleAdapterFactory.createStyleAdapter(StyleAdapterFactory.java:18)
	at ch.ivyteam.ivy.richdialog.widgets.internal.RichComponentImpl.<init>(RichComponentImpl.java:63)
	at ch.ivyteam.ivy.richdialog.widgets.internal.RichContainerImpl.<init>(RichContainerImpl.java:36)
	at ch.ivyteam.ivy.richdialog.widgets.containers.RBorderLayoutPane.initialize(RBorderLayoutPane.java:52)
	at ch.ivyteam.ivy.richdialog.widgets.containers.RBorderLayoutPane.<init>(RBorderLayoutPane.java:32)
	at sun.reflect.NativeConstructorAccessorImpl.newInstance0(Native Method)
	at sun.reflect.NativeConstructorAccessorImpl.newInstance(NativeConstructorAccessorImpl.java:39)
	at sun.reflect.DelegatingConstructorAccessorImpl.newInstance(DelegatingConstructorAccessorImpl.java:27)
	at java.lang.reflect.Constructor.newInstance(Constructor.java:513)
	at org.eclipse.jem.internal.proxy.initParser.tree.ExpressionProcesser.pushClassInstanceCreation(ExpressionProcesser.java:2463)
	at org.eclipse.jem.internal.proxy.vm.remote.ExpressionProcesserController.process(ExpressionProcesserController.java:246)
	at org.eclipse.jem.internal.proxy.vm.remote.ConnectionHandler.processExpressionCommand(ConnectionHandler.java:624)
	at org.eclipse.jem.internal.proxy.vm.remote.ConnectionHandler.run(ConnectionHandler.java:517)
	at org.eclipse.jem.internal.proxy.vm.remote.ConnectionThread.run(ConnectionThread.java:47)
Caused by: java.net.SocketException: Network is unreachable: connect
	at java.net.PlainSocketImpl.socketConnect(Native Method)
	at java.net.PlainSocketImpl.doConnect(PlainSocketImpl.java:333)
	at java.net.PlainSocketImpl.connectToAddress(PlainSocketImpl.java:195)
	at java.net.PlainSocketImpl.connect(PlainSocketImpl.java:182)
	at java.net.SocksSocketImpl.connect(SocksSocketImpl.java:366)
	at java.net.Socket.connect(Socket.java:525)
	at java.net.Socket.connect(Socket.java:475)
	at java.net.Socket.<init>(Socket.java:372)
	at java.net.Socket.<init>(Socket.java:186)
	at sun.rmi.transport.proxy.RMIDirectSocketFactory.createSocket(RMIDirectSocketFactory.java:22)
	at sun.rmi.transport.proxy.RMIMasterSocketFactory.createSocket(RMIMasterSocketFactory.java:128)
	at sun.rmi.transport.tcp.TCPEndpoint.newSocket(TCPEndpoint.java:595)
	... 24 more
FATAL - ch.ivyteam.ivy.richdialog.widgets.style - Can not connect from remote visual editor vm to xpert.ivy designer
java.rmi.ConnectIOException: Exception creating connection to: 169.254.72.118; nested exception is: 
	java.net.SocketException: Network is unreachable: connect
	at sun.rmi.transport.tcp.TCPEndpoint.newSocket(TCPEndpoint.java:614)
	at sun.rmi.transport.tcp.TCPChannel.createConnection(TCPChannel.java:198)
	at sun.rmi.transport.tcp.TCPChannel.newConnection(TCPChannel.java:184)
	at sun.rmi.server.UnicastRef.invoke(UnicastRef.java:110)
	at java.rmi.server.RemoteObjectInvocationHandler.invokeRemoteMethod(RemoteObjectInvocationHandler.java:178)
	at java.rmi.server.RemoteObjectInvocationHandler.invoke(RemoteObjectInvocationHandler.java:132)
	at $Proxy0.getIvyProject(Unknown Source)
	at ch.ivyteam.ivy.rmiinterface.RmiInterfaceFactory.createRemoteIvyProject(RmiInterfaceFactory.java:84)
	at ch.ivyteam.ivy.richdialog.widgets.style.internal.WidgetStyleManager.getStylePropertyProvider(WidgetStyleManager.java:280)
	at ch.ivyteam.ivy.richdialog.widgets.style.internal.WidgetStyleManager.<init>(WidgetStyleManager.java:133)
	at ch.ivyteam.ivy.richdialog.widgets.style.WidgetStyleManagerFactory.getWidgetStyleManager(WidgetStyleManagerFactory.java:40)
	at ch.ivyteam.ivy.richdialog.widgets.style.StyleAdapterFactory.createStyleAdapter(StyleAdapterFactory.java:18)
	at ch.ivyteam.ivy.richdialog.widgets.internal.RichComponentImpl.<init>(RichComponentImpl.java:63)
	at ch.ivyteam.ivy.richdialog.widgets.internal.RichContainerImpl.<init>(RichContainerImpl.java:36)
	at ch.ivyteam.ivy.richdialog.widgets.containers.RTabbedPane.initialize(RTabbedPane.java:50)
	at ch.ivyteam.ivy.richdialog.widgets.containers.RTabbedPane.<init>(RTabbedPane.java:31)
	at sun.reflect.NativeConstructorAccessorImpl.newInstance0(Native Method)
	at sun.reflect.NativeConstructorAccessorImpl.newInstance(NativeConstructorAccessorImpl.java:39)
	at sun.reflect.DelegatingConstructorAccessorImpl.newInstance(DelegatingConstructorAccessorImpl.java:27)
	at java.lang.reflect.Constructor.newInstance(Constructor.java:513)
	at org.eclipse.jem.internal.proxy.initParser.tree.ExpressionProcesser.pushClassInstanceCreation(ExpressionProcesser.java:2463)
	at org.eclipse.jem.internal.proxy.vm.remote.ExpressionProcesserController.process(ExpressionProcesserController.java:246)
	at org.eclipse.jem.internal.proxy.vm.remote.ConnectionHandler.processExpressionCommand(ConnectionHandler.java:624)
	at org.eclipse.jem.internal.proxy.vm.remote.ConnectionHandler.run(ConnectionHandler.java:517)
	at org.eclipse.jem.internal.proxy.vm.remote.ConnectionThread.run(ConnectionThread.java:47)
Caused by: java.net.SocketException: Network is unreachable: connect
	at java.net.PlainSocketImpl.socketConnect(Native Method)
	at java.net.PlainSocketImpl.doConnect(PlainSocketImpl.java:333)
	at java.net.PlainSocketImpl.connectToAddress(PlainSocketImpl.java:195)
	at java.net.PlainSocketImpl.connect(PlainSocketImpl.java:182)
	at java.net.SocksSocketImpl.connect(SocksSocketImpl.java:366)
	at java.net.Socket.connect(Socket.java:525)
	at java.net.Socket.connect(Socket.java:475)
	at java.net.Socket.<init>(Socket.java:372)
	at java.net.Socket.<init>(Socket.java:186)
	at sun.rmi.transport.proxy.RMIDirectSocketFactory.createSocket(RMIDirectSocketFactory.java:22)
	at sun.rmi.transport.proxy.RMIMasterSocketFactory.createSocket(RMIMasterSocketFactory.java:128)
	at sun.rmi.transport.tcp.TCPEndpoint.newSocket(TCPEndpoint.java:595)
	... 24 more
FATAL - ch.ivyteam.ivy.richdialog.widgets.style - Can not connect from remote visual editor vm to xpert.ivy designer
java.rmi.ConnectIOException: Exception creating connection to: 169.254.72.118; nested exception is: 
	java.net.SocketException: Network is unreachable: connect
	at sun.rmi.transport.tcp.TCPEndpoint.newSocket(TCPEndpoint.java:614)
	at sun.rmi.transport.tcp.TCPChannel.createConnection(TCPChannel.java:198)
	at sun.rmi.transport.tcp.TCPChannel.newConnection(TCPChannel.java:184)
	at sun.rmi.server.UnicastRef.invoke(UnicastRef.java:110)
	at java.rmi.server.RemoteObjectInvocationHandler.invokeRemoteMethod(RemoteObjectInvocationHandler.java:178)
	at java.rmi.server.RemoteObjectInvocationHandler.invoke(RemoteObjectInvocationHandler.java:132)
	at $Proxy0.getIvyProject(Unknown Source)
	at ch.ivyteam.ivy.rmiinterface.RmiInterfaceFactory.createRemoteIvyProject(RmiInterfaceFactory.java:84)
	at ch.ivyteam.ivy.richdialog.widgets.style.internal.WidgetStyleManager.getStylePropertyProvider(WidgetStyleManager.java:280)
	at ch.ivyteam.ivy.richdialog.widgets.style.internal.WidgetStyleManager.<init>(WidgetStyleManager.java:133)
	at ch.ivyteam.ivy.richdialog.widgets.style.WidgetStyleManagerFactory.getWidgetStyleManager(WidgetStyleManagerFactory.java:40)
	at ch.ivyteam.ivy.richdialog.widgets.style.StyleAdapterFactory.createStyleAdapter(StyleAdapterFactory.java:18)
	at ch.ivyteam.ivy.richdialog.widgets.internal.RichComponentImpl.<init>(RichComponentImpl.java:63)
	at ch.ivyteam.ivy.richdialog.widgets.internal.RichContainerImpl.<init>(RichContainerImpl.java:36)
	at ch.ivyteam.ivy.richdialog.widgets.containers.RBorderLayoutPane.initialize(RBorderLayoutPane.java:52)
	at ch.ivyteam.ivy.richdialog.widgets.containers.RBorderLayoutPane.<init>(RBorderLayoutPane.java:32)
	at sun.reflect.NativeConstructorAccessorImpl.newInstance0(Native Method)
	at sun.reflect.NativeConstructorAccessorImpl.newInstance(NativeConstructorAccessorImpl.java:39)
	at sun.reflect.DelegatingConstructorAccessorImpl.newInstance(DelegatingConstructorAccessorImpl.java:27)
	at java.lang.reflect.Constructor.newInstance(Constructor.java:513)
	at org.eclipse.jem.internal.proxy.initParser.tree.ExpressionProcesser.pushClassInstanceCreation(ExpressionProcesser.java:2463)
	at org.eclipse.jem.internal.proxy.vm.remote.ExpressionProcesserController.process(ExpressionProcesserController.java:246)
	at org.eclipse.jem.internal.proxy.vm.remote.ConnectionHandler.processExpressionCommand(ConnectionHandler.java:624)
	at org.eclipse.jem.internal.proxy.vm.remote.ConnectionHandler.run(ConnectionHandler.java:517)
	at org.eclipse.jem.internal.proxy.vm.remote.ConnectionThread.run(ConnectionThread.java:47)
Caused by: java.net.SocketException: Network is unreachable: connect
	at java.net.PlainSocketImpl.socketConnect(Native Method)
	at java.net.PlainSocketImpl.doConnect(PlainSocketImpl.java:333)
	at java.net.PlainSocketImpl.connectToAddress(PlainSocketImpl.java:195)
	at java.net.PlainSocketImpl.connect(PlainSocketImpl.java:182)
	at java.net.SocksSocketImpl.connect(SocksSocketImpl.java:366)
	at java.net.Socket.connect(Socket.java:525)
	at java.net.Socket.connect(Socket.java:475)
	at java.net.Socket.<init>(Socket.java:372)
	at java.net.Socket.<init>(Socket.java:186)
	at sun.rmi.transport.proxy.RMIDirectSocketFactory.createSocket(RMIDirectSocketFactory.java:22)
	at sun.rmi.transport.proxy.RMIMasterSocketFactory.createSocket(RMIMasterSocketFactory.java:128)
	at sun.rmi.transport.tcp.TCPEndpoint.newSocket(TCPEndpoint.java:595)
	... 24 more
FATAL - ch.ivyteam.ivy.richdialog.widgets.style - Can not connect from remote visual editor vm to xpert.ivy designer
java.rmi.ConnectIOException: Exception creating connection to: 169.254.72.118; nested exception is: 
	java.net.SocketException: Network is unreachable: connect
	at sun.rmi.transport.tcp.TCPEndpoint.newSocket(TCPEndpoint.java:614)
	at sun.rmi.transport.tcp.TCPChannel.createConnection(TCPChannel.java:198)
	at sun.rmi.transport.tcp.TCPChannel.newConnection(TCPChannel.java:184)
	at sun.rmi.server.UnicastRef.invoke(UnicastRef.java:110)
	at java.rmi.server.RemoteObjectInvocationHandler.invokeRemoteMethod(RemoteObjectInvocationHandler.java:178)
	at java.rmi.server.RemoteObjectInvocationHandler.invoke(RemoteObjectInvocationHandler.java:132)
	at $Proxy0.getIvyProject(Unknown Source)
	at ch.ivyteam.ivy.rmiinterface.RmiInterfaceFactory.createRemoteIvyProject(RmiInterfaceFactory.java:84)
	at ch.ivyteam.ivy.richdialog.widgets.style.internal.WidgetStyleManager.getStylePropertyProvider(WidgetStyleManager.java:280)
	at ch.ivyteam.ivy.richdialog.widgets.style.internal.WidgetStyleManager.<init>(WidgetStyleManager.java:133)
	at ch.ivyteam.ivy.richdialog.widgets.style.WidgetStyleManagerFactory.getWidgetStyleManager(WidgetStyleManagerFactory.java:40)
	at ch.ivyteam.ivy.richdialog.widgets.style.StyleAdapterFactory.createStyleAdapter(StyleAdapterFactory.java:18)
	at ch.ivyteam.ivy.richdialog.widgets.internal.RichComponentImpl.<init>(RichComponentImpl.java:63)
	at ch.ivyteam.ivy.richdialog.widgets.internal.RichContainerImpl.<init>(RichContainerImpl.java:36)
	at ch.ivyteam.ivy.richdialog.widgets.containers.RBorderLayoutPane.initialize(RBorderLayoutPane.java:52)
	at ch.ivyteam.ivy.richdialog.widgets.containers.RBorderLayoutPane.<init>(RBorderLayoutPane.java:32)
	at ch.ivyteam.ivy.richdialog.rdpanels.RichDialogBorderPanel.<init>(RichDialogBorderPanel.java:16)
	at ch.ivyteam.ivy.addons.eventlog.EventLogDisplayList.EventLogDisplayListPanel.<init>(EventLogDisplayListPanel.java:26)
	at sun.reflect.NativeConstructorAccessorImpl.newInstance0(Native Method)
	at sun.reflect.NativeConstructorAccessorImpl.newInstance(NativeConstructorAccessorImpl.java:39)
	at sun.reflect.DelegatingConstructorAccessorImpl.newInstance(DelegatingConstructorAccessorImpl.java:27)
	at java.lang.reflect.Constructor.newInstance(Constructor.java:513)
	at org.eclipse.jem.internal.proxy.initParser.tree.ExpressionProcesser.pushClassInstanceCreation(ExpressionProcesser.java:2463)
	at org.eclipse.jem.internal.proxy.vm.remote.ExpressionProcesserController.process(ExpressionProcesserController.java:246)
	at org.eclipse.jem.internal.proxy.vm.remote.ConnectionHandler.processExpressionCommand(ConnectionHandler.java:624)
	at org.eclipse.jem.internal.proxy.vm.remote.ConnectionHandler.run(ConnectionHandler.java:517)
	at org.eclipse.jem.internal.proxy.vm.remote.ConnectionThread.run(ConnectionThread.java:47)
Caused by: java.net.SocketException: Network is unreachable: connect
	at java.net.PlainSocketImpl.socketConnect(Native Method)
	at java.net.PlainSocketImpl.doConnect(PlainSocketImpl.java:333)
	at java.net.PlainSocketImpl.connectToAddress(PlainSocketImpl.java:195)
	at java.net.PlainSocketImpl.connect(PlainSocketImpl.java:182)
	at java.net.SocksSocketImpl.connect(SocksSocketImpl.java:366)
	at java.net.Socket.connect(Socket.java:525)
	at java.net.Socket.connect(Socket.java:475)
	at java.net.Socket.<init>(Socket.java:372)
	at java.net.Socket.<init>(Socket.java:186)
	at sun.rmi.transport.proxy.RMIDirectSocketFactory.createSocket(RMIDirectSocketFactory.java:22)
	at sun.rmi.transport.proxy.RMIMasterSocketFactory.createSocket(RMIMasterSocketFactory.java:128)
	at sun.rmi.transport.tcp.TCPEndpoint.newSocket(TCPEndpoint.java:595)
	... 26 more
FATAL - ch.ivyteam.ivy.richdialog.widgets.style - Can not connect from remote visual editor vm to xpert.ivy designer
java.rmi.ConnectIOException: Exception creating connection to: 169.254.72.118; nested exception is: 
	java.net.SocketException: Network is unreachable: connect
	at sun.rmi.transport.tcp.TCPEndpoint.newSocket(TCPEndpoint.java:614)
	at sun.rmi.transport.tcp.TCPChannel.createConnection(TCPChannel.java:198)
	at sun.rmi.transport.tcp.TCPChannel.newConnection(TCPChannel.java:184)
	at sun.rmi.server.UnicastRef.invoke(UnicastRef.java:110)
	at java.rmi.server.RemoteObjectInvocationHandler.invokeRemoteMethod(RemoteObjectInvocationHandler.java:178)
	at java.rmi.server.RemoteObjectInvocationHandler.invoke(RemoteObjectInvocationHandler.java:132)
	at $Proxy0.getIvyProject(Unknown Source)
	at ch.ivyteam.ivy.rmiinterface.RmiInterfaceFactory.createRemoteIvyProject(RmiInterfaceFactory.java:84)
	at ch.ivyteam.ivy.richdialog.widgets.style.internal.WidgetStyleManager.getStylePropertyProvider(WidgetStyleManager.java:280)
	at ch.ivyteam.ivy.richdialog.widgets.style.internal.WidgetStyleManager.<init>(WidgetStyleManager.java:133)
	at ch.ivyteam.ivy.richdialog.widgets.style.WidgetStyleManagerFactory.getWidgetStyleManager(WidgetStyleManagerFactory.java:40)
	at ch.ivyteam.ivy.richdialog.widgets.style.StyleAdapterFactory.createStyleAdapter(StyleAdapterFactory.java:18)
	at ch.ivyteam.ivy.richdialog.widgets.internal.RichComponentImpl.<init>(RichComponentImpl.java:63)
	at ch.ivyteam.ivy.richdialog.widgets.internal.RichContainerImpl.<init>(RichContainerImpl.java:36)
	at ch.ivyteam.ivy.richdialog.widgets.containers.RBorderLayoutPane.initialize(RBorderLayoutPane.java:52)
	at ch.ivyteam.ivy.richdialog.widgets.containers.RBorderLayoutPane.<init>(RBorderLayoutPane.java:32)
	at sun.reflect.NativeConstructorAccessorImpl.newInstance0(Native Method)
	at sun.reflect.NativeConstructorAccessorImpl.newInstance(NativeConstructorAccessorImpl.java:39)
	at sun.reflect.DelegatingConstructorAccessorImpl.newInstance(DelegatingConstructorAccessorImpl.java:27)
	at java.lang.reflect.Constructor.newInstance(Constructor.java:513)
	at org.eclipse.jem.internal.proxy.initParser.tree.ExpressionProcesser.pushClassInstanceCreation(ExpressionProcesser.java:2463)
	at org.eclipse.jem.internal.proxy.vm.remote.ExpressionProcesserController.process(ExpressionProcesserController.java:246)
	at org.eclipse.jem.internal.proxy.vm.remote.ConnectionHandler.processExpressionCommand(ConnectionHandler.java:624)
	at org.eclipse.jem.internal.proxy.vm.remote.ConnectionHandler.run(ConnectionHandler.java:517)
	at org.eclipse.jem.internal.proxy.vm.remote.ConnectionThread.run(ConnectionThread.java:47)
Caused by: java.net.SocketException: Network is unreachable: connect
	at java.net.PlainSocketImpl.socketConnect(Native Method)
	at java.net.PlainSocketImpl.doConnect(PlainSocketImpl.java:333)
	at java.net.PlainSocketImpl.connectToAddress(PlainSocketImpl.java:195)
	at java.net.PlainSocketImpl.connect(PlainSocketImpl.java:182)
	at java.net.SocksSocketImpl.connect(SocksSocketImpl.java:366)
	at java.net.Socket.connect(Socket.java:525)
	at java.net.Socket.connect(Socket.java:475)
	at java.net.Socket.<init>(Socket.java:372)
	at java.net.Socket.<init>(Socket.java:186)
	at sun.rmi.transport.proxy.RMIDirectSocketFactory.createSocket(RMIDirectSocketFactory.java:22)
	at sun.rmi.transport.proxy.RMIMasterSocketFactory.createSocket(RMIMasterSocketFactory.java:128)
	at sun.rmi.transport.tcp.TCPEndpoint.newSocket(TCPEndpoint.java:595)
	... 24 more
FATAL - ch.ivyteam.ivy.richdialog.widgets.style - Can not connect from remote visual editor vm to xpert.ivy designer
java.rmi.ConnectIOException: Exception creating connection to: 169.254.72.118; nested exception is: 
	java.net.SocketException: Network is unreachable: connect
	at sun.rmi.transport.tcp.TCPEndpoint.newSocket(TCPEndpoint.java:614)
	at sun.rmi.transport.tcp.TCPChannel.createConnection(TCPChannel.java:198)
	at sun.rmi.transport.tcp.TCPChannel.newConnection(TCPChannel.java:184)
	at sun.rmi.server.UnicastRef.invoke(UnicastRef.java:110)
	at java.rmi.server.RemoteObjectInvocationHandler.invokeRemoteMethod(RemoteObjectInvocationHandler.java:178)
	at java.rmi.server.RemoteObjectInvocationHandler.invoke(RemoteObjectInvocationHandler.java:132)
	at $Proxy0.getIvyProject(Unknown Source)
	at ch.ivyteam.ivy.rmiinterface.RmiInterfaceFactory.createRemoteIvyProject(RmiInterfaceFactory.java:84)
	at ch.ivyteam.ivy.richdialog.widgets.style.internal.WidgetStyleManager.getStylePropertyProvider(WidgetStyleManager.java:280)
	at ch.ivyteam.ivy.richdialog.widgets.style.internal.WidgetStyleManager.<init>(WidgetStyleManager.java:133)
	at ch.ivyteam.ivy.richdialog.widgets.style.WidgetStyleManagerFactory.getWidgetStyleManager(WidgetStyleManagerFactory.java:40)
	at ch.ivyteam.ivy.richdialog.widgets.style.StyleAdapterFactory.createStyleAdapter(StyleAdapterFactory.java:18)
	at ch.ivyteam.ivy.richdialog.widgets.internal.RichComponentImpl.<init>(RichComponentImpl.java:63)
	at ch.ivyteam.ivy.richdialog.widgets.internal.RichContainerImpl.<init>(RichContainerImpl.java:36)
	at ch.ivyteam.ivy.richdialog.widgets.containers.RBorderLayoutPane.initialize(RBorderLayoutPane.java:52)
	at ch.ivyteam.ivy.richdialog.widgets.containers.RBorderLayoutPane.<init>(RBorderLayoutPane.java:32)
	at sun.reflect.NativeConstructorAccessorImpl.newInstance0(Native Method)
	at sun.reflect.NativeConstructorAccessorImpl.newInstance(NativeConstructorAccessorImpl.java:39)
	at sun.reflect.DelegatingConstructorAccessorImpl.newInstance(DelegatingConstructorAccessorImpl.java:27)
	at java.lang.reflect.Constructor.newInstance(Constructor.java:513)
	at org.eclipse.jem.internal.proxy.initParser.tree.ExpressionProcesser.pushClassInstanceCreation(ExpressionProcesser.java:2463)
	at org.eclipse.jem.internal.proxy.vm.remote.ExpressionProcesserController.process(ExpressionProcesserController.java:246)
	at org.eclipse.jem.internal.proxy.vm.remote.ConnectionHandler.processExpressionCommand(ConnectionHandler.java:624)
	at org.eclipse.jem.internal.proxy.vm.remote.ConnectionHandler.run(ConnectionHandler.java:517)
	at org.eclipse.jem.internal.proxy.vm.remote.ConnectionThread.run(ConnectionThread.java:47)
Caused by: java.net.SocketException: Network is unreachable: connect
	at java.net.PlainSocketImpl.socketConnect(Native Method)
	at java.net.PlainSocketImpl.doConnect(PlainSocketImpl.java:333)
	at java.net.PlainSocketImpl.connectToAddress(PlainSocketImpl.java:195)
	at java.net.PlainSocketImpl.connect(PlainSocketImpl.java:182)
	at java.net.SocksSocketImpl.connect(SocksSocketImpl.java:366)
	at java.net.Socket.connect(Socket.java:525)
	at java.net.Socket.connect(Socket.java:475)
	at java.net.Socket.<init>(Socket.java:372)
	at java.net.Socket.<init>(Socket.java:186)
	at sun.rmi.transport.proxy.RMIDirectSocketFactory.createSocket(RMIDirectSocketFactory.java:22)
	at sun.rmi.transport.proxy.RMIMasterSocketFactory.createSocket(RMIMasterSocketFactory.java:128)
	at sun.rmi.transport.tcp.TCPEndpoint.newSocket(TCPEndpoint.java:595)
	... 24 more
FATAL - ch.ivyteam.ivy.richdialog.widgets.style - Can not connect from remote visual editor vm to xpert.ivy designer
java.rmi.ConnectException: Connection refused to host: 192.168.1.119; nested exception is: 
	java.net.ConnectException: Connection timed out: connect
	at sun.rmi.transport.tcp.TCPEndpoint.newSocket(TCPEndpoint.java:601)
	at sun.rmi.transport.tcp.TCPChannel.createConnection(TCPChannel.java:198)
	at sun.rmi.transport.tcp.TCPChannel.newConnection(TCPChannel.java:184)
	at sun.rmi.server.UnicastRef.invoke(UnicastRef.java:110)
	at java.rmi.server.RemoteObjectInvocationHandler.invokeRemoteMethod(RemoteObjectInvocationHandler.java:178)
	at java.rmi.server.RemoteObjectInvocationHandler.invoke(RemoteObjectInvocationHandler.java:132)
	at $Proxy0.getIvyProject(Unknown Source)
	at ch.ivyteam.ivy.rmiinterface.RmiInterfaceFactory.createRemoteIvyProject(RmiInterfaceFactory.java:84)
	at ch.ivyteam.ivy.richdialog.widgets.style.internal.WidgetStyleManager.getStylePropertyProvider(WidgetStyleManager.java:280)
	at ch.ivyteam.ivy.richdialog.widgets.style.internal.WidgetStyleManager.<init>(WidgetStyleManager.java:133)
	at ch.ivyteam.ivy.richdialog.widgets.style.WidgetStyleManagerFactory.getWidgetStyleManager(WidgetStyleManagerFactory.java:40)
	at ch.ivyteam.ivy.richdialog.widgets.style.StyleAdapterFactory.createStyleAdapter(StyleAdapterFactory.java:18)
	at ch.ivyteam.ivy.richdialog.widgets.internal.RichComponentImpl.<init>(RichComponentImpl.java:63)
	at ch.ivyteam.ivy.richdialog.widgets.internal.RichContainerImpl.<init>(RichContainerImpl.java:36)
	at ch.ivyteam.ivy.richdialog.widgets.containers.RGridBagLayoutPane.initialize(RGridBagLayoutPane.java:39)
	at ch.ivyteam.ivy.richdialog.widgets.containers.RGridBagLayoutPane.<init>(RGridBagLayoutPane.java:31)
	at sun.reflect.NativeConstructorAccessorImpl.newInstance0(Native Method)
	at sun.reflect.NativeConstructorAccessorImpl.newInstance(NativeConstructorAccessorImpl.java:39)
	at sun.reflect.DelegatingConstructorAccessorImpl.newInstance(DelegatingConstructorAccessorImpl.java:27)
	at java.lang.reflect.Constructor.newInstance(Constructor.java:513)
	at org.eclipse.jem.internal.proxy.initParser.tree.ExpressionProcesser.pushClassInstanceCreation(ExpressionProcesser.java:2463)
	at org.eclipse.jem.internal.proxy.vm.remote.ExpressionProcesserController.process(ExpressionProcesserController.java:246)
	at org.eclipse.jem.internal.proxy.vm.remote.ConnectionHandler.processExpressionCommand(ConnectionHandler.java:624)
	at org.eclipse.jem.internal.proxy.vm.remote.ConnectionHandler.run(ConnectionHandler.java:517)
	at org.eclipse.jem.internal.proxy.vm.remote.ConnectionThread.run(ConnectionThread.java:47)
Caused by: java.net.ConnectException: Connection timed out: connect
	at java.net.PlainSocketImpl.socketConnect(Native Method)
	at java.net.PlainSocketImpl.doConnect(PlainSocketImpl.java:333)
	at java.net.PlainSocketImpl.connectToAddress(PlainSocketImpl.java:195)
	at java.net.PlainSocketImpl.connect(PlainSocketImpl.java:182)
	at java.net.SocksSocketImpl.connect(SocksSocketImpl.java:366)
	at java.net.Socket.connect(Socket.java:525)
	at java.net.Socket.connect(Socket.java:475)
	at java.net.Socket.<init>(Socket.java:372)
	at java.net.Socket.<init>(Socket.java:186)
	at sun.rmi.transport.proxy.RMIDirectSocketFactory.createSocket(RMIDirectSocketFactory.java:22)
	at sun.rmi.transport.proxy.RMIMasterSocketFactory.createSocket(RMIMasterSocketFactory.java:128)
	at sun.rmi.transport.tcp.TCPEndpoint.newSocket(TCPEndpoint.java:595)
	... 24 more
FATAL - ch.ivyteam.ivy.richdialog.widgets.style - Can not connect from remote visual editor vm to xpert.ivy designer
java.rmi.ConnectException: Connection refused to host: 192.168.1.119; nested exception is: 
	java.net.ConnectException: Connection timed out: connect
	at sun.rmi.transport.tcp.TCPEndpoint.newSocket(TCPEndpoint.java:601)
	at sun.rmi.transport.tcp.TCPChannel.createConnection(TCPChannel.java:198)
	at sun.rmi.transport.tcp.TCPChannel.newConnection(TCPChannel.java:184)
	at sun.rmi.server.UnicastRef.invoke(UnicastRef.java:110)
	at java.rmi.server.RemoteObjectInvocationHandler.invokeRemoteMethod(RemoteObjectInvocationHandler.java:178)
	at java.rmi.server.RemoteObjectInvocationHandler.invoke(RemoteObjectInvocationHandler.java:132)
	at $Proxy0.getIvyProject(Unknown Source)
	at ch.ivyteam.ivy.rmiinterface.RmiInterfaceFactory.createRemoteIvyProject(RmiInterfaceFactory.java:84)
	at ch.ivyteam.ivy.richdialog.widgets.style.internal.WidgetStyleManager.getStylePropertyProvider(WidgetStyleManager.java:280)
	at ch.ivyteam.ivy.richdialog.widgets.style.internal.WidgetStyleManager.<init>(WidgetStyleManager.java:133)
	at ch.ivyteam.ivy.richdialog.widgets.style.WidgetStyleManagerFactory.getWidgetStyleManager(WidgetStyleManagerFactory.java:40)
	at ch.ivyteam.ivy.richdialog.widgets.style.StyleAdapterFactory.createStyleAdapter(StyleAdapterFactory.java:18)
	at ch.ivyteam.ivy.richdialog.widgets.internal.RichComponentImpl.<init>(RichComponentImpl.java:63)
	at ch.ivyteam.ivy.richdialog.widgets.internal.RichContainerImpl.<init>(RichContainerImpl.java:36)
	at ch.ivyteam.ivy.richdialog.widgets.containers.RGridBagLayoutPane.initialize(RGridBagLayoutPane.java:39)
	at ch.ivyteam.ivy.richdialog.widgets.containers.RGridBagLayoutPane.<init>(RGridBagLayoutPane.java:31)
	at sun.reflect.NativeConstructorAccessorImpl.newInstance0(Native Method)
	at sun.reflect.NativeConstructorAccessorImpl.newInstance(NativeConstructorAccessorImpl.java:39)
	at sun.reflect.DelegatingConstructorAccessorImpl.newInstance(DelegatingConstructorAccessorImpl.java:27)
	at java.lang.reflect.Constructor.newInstance(Constructor.java:513)
	at org.eclipse.jem.internal.proxy.initParser.tree.ExpressionProcesser.pushClassInstanceCreation(ExpressionProcesser.java:2463)
	at org.eclipse.jem.internal.proxy.vm.remote.ExpressionProcesserController.process(ExpressionProcesserController.java:246)
	at org.eclipse.jem.internal.proxy.vm.remote.ConnectionHandler.processExpressionCommand(ConnectionHandler.java:624)
	at org.eclipse.jem.internal.proxy.vm.remote.ConnectionHandler.run(ConnectionHandler.java:517)
	at org.eclipse.jem.internal.proxy.vm.remote.ConnectionThread.run(ConnectionThread.java:47)
Caused by: java.net.ConnectException: Connection timed out: connect
	at java.net.PlainSocketImpl.socketConnect(Native Method)
	at java.net.PlainSocketImpl.doConnect(PlainSocketImpl.java:333)
	at java.net.PlainSocketImpl.connectToAddress(PlainSocketImpl.java:195)
	at java.net.PlainSocketImpl.connect(PlainSocketImpl.java:182)
	at java.net.SocksSocketImpl.connect(SocksSocketImpl.java:366)
	at java.net.Socket.connect(Socket.java:525)
	at java.net.Socket.connect(Socket.java:475)
	at java.net.Socket.<init>(Socket.java:372)
	at java.net.Socket.<init>(Socket.java:186)
	at sun.rmi.transport.proxy.RMIDirectSocketFactory.createSocket(RMIDirectSocketFactory.java:22)
	at sun.rmi.transport.proxy.RMIMasterSocketFactory.createSocket(RMIMasterSocketFactory.java:128)
	at sun.rmi.transport.tcp.TCPEndpoint.newSocket(TCPEndpoint.java:595)
	... 24 more
FATAL - ch.ivyteam.ivy.richdialog.widgets.style - Can not connect from remote visual editor vm to xpert.ivy designer
java.rmi.ConnectException: Connection refused to host: 192.168.1.119; nested exception is: 
	java.net.ConnectException: Connection timed out: connect
	at sun.rmi.transport.tcp.TCPEndpoint.newSocket(TCPEndpoint.java:601)
	at sun.rmi.transport.tcp.TCPChannel.createConnection(TCPChannel.java:198)
	at sun.rmi.transport.tcp.TCPChannel.newConnection(TCPChannel.java:184)
	at sun.rmi.server.UnicastRef.invoke(UnicastRef.java:110)
	at java.rmi.server.RemoteObjectInvocationHandler.invokeRemoteMethod(RemoteObjectInvocationHandler.java:178)
	at java.rmi.server.RemoteObjectInvocationHandler.invoke(RemoteObjectInvocationHandler.java:132)
	at $Proxy0.getIvyProject(Unknown Source)
	at ch.ivyteam.ivy.rmiinterface.RmiInterfaceFactory.createRemoteIvyProject(RmiInterfaceFactory.java:84)
	at ch.ivyteam.ivy.richdialog.widgets.style.internal.WidgetStyleManager.getStylePropertyProvider(WidgetStyleManager.java:280)
	at ch.ivyteam.ivy.richdialog.widgets.style.internal.WidgetStyleManager.<init>(WidgetStyleManager.java:133)
	at ch.ivyteam.ivy.richdialog.widgets.style.WidgetStyleManagerFactory.getWidgetStyleManager(WidgetStyleManagerFactory.java:40)
	at ch.ivyteam.ivy.richdialog.widgets.style.StyleAdapterFactory.createStyleAdapter(StyleAdapterFactory.java:18)
	at ch.ivyteam.ivy.richdialog.widgets.internal.RichComponentImpl.<init>(RichComponentImpl.java:63)
	at ch.ivyteam.ivy.richdialog.widgets.internal.RichContainerImpl.<init>(RichContainerImpl.java:36)
	at ch.ivyteam.ivy.richdialog.widgets.containers.RGridBagLayoutPane.initialize(RGridBagLayoutPane.java:39)
	at ch.ivyteam.ivy.richdialog.widgets.containers.RGridBagLayoutPane.<init>(RGridBagLayoutPane.java:31)
	at sun.reflect.NativeConstructorAccessorImpl.newInstance0(Native Method)
	at sun.reflect.NativeConstructorAccessorImpl.newInstance(NativeConstructorAccessorImpl.java:39)
	at sun.reflect.DelegatingConstructorAccessorImpl.newInstance(DelegatingConstructorAccessorImpl.java:27)
	at java.lang.reflect.Constructor.newInstance(Constructor.java:513)
	at org.eclipse.jem.internal.proxy.initParser.tree.ExpressionProcesser.pushClassInstanceCreation(ExpressionProcesser.java:2463)
	at org.eclipse.jem.internal.proxy.vm.remote.ExpressionProcesserController.process(ExpressionProcesserController.java:246)
	at org.eclipse.jem.internal.proxy.vm.remote.ConnectionHandler.processExpressionCommand(ConnectionHandler.java:624)
	at org.eclipse.jem.internal.proxy.vm.remote.ConnectionHandler.run(ConnectionHandler.java:517)
	at org.eclipse.jem.internal.proxy.vm.remote.ConnectionThread.run(ConnectionThread.java:47)
Caused by: java.net.ConnectException: Connection timed out: connect
	at java.net.PlainSocketImpl.socketConnect(Native Method)
	at java.net.PlainSocketImpl.doConnect(PlainSocketImpl.java:333)
	at java.net.PlainSocketImpl.connectToAddress(PlainSocketImpl.java:195)
	at java.net.PlainSocketImpl.connect(PlainSocketImpl.java:182)
	at java.net.SocksSocketImpl.connect(SocksSocketImpl.java:366)
	at java.net.Socket.connect(Socket.java:525)
	at java.net.Socket.connect(Socket.java:475)
	at java.net.Socket.<init>(Socket.java:372)
	at java.net.Socket.<init>(Socket.java:186)
	at sun.rmi.transport.proxy.RMIDirectSocketFactory.createSocket(RMIDirectSocketFactory.java:22)
	at sun.rmi.transport.proxy.RMIMasterSocketFactory.createSocket(RMIMasterSocketFactory.java:128)
	at sun.rmi.transport.tcp.TCPEndpoint.newSocket(TCPEndpoint.java:595)
	... 24 more
FATAL - ch.ivyteam.ivy.richdialog.widgets.style - Can not connect from remote visual editor vm to xpert.ivy designer
java.rmi.ConnectException: Connection refused to host: 192.168.1.119; nested exception is: 
	java.net.ConnectException: Connection timed out: connect
	at sun.rmi.transport.tcp.TCPEndpoint.newSocket(TCPEndpoint.java:601)
	at sun.rmi.transport.tcp.TCPChannel.createConnection(TCPChannel.java:198)
	at sun.rmi.transport.tcp.TCPChannel.newConnection(TCPChannel.java:184)
	at sun.rmi.server.UnicastRef.invoke(UnicastRef.java:110)
	at java.rmi.server.RemoteObjectInvocationHandler.invokeRemoteMethod(RemoteObjectInvocationHandler.java:178)
	at java.rmi.server.RemoteObjectInvocationHandler.invoke(RemoteObjectInvocationHandler.java:132)
	at $Proxy0.getIvyProject(Unknown Source)
	at ch.ivyteam.ivy.rmiinterface.RmiInterfaceFactory.createRemoteIvyProject(RmiInterfaceFactory.java:84)
	at ch.ivyteam.ivy.richdialog.widgets.style.internal.WidgetStyleManager.getStylePropertyProvider(WidgetStyleManager.java:280)
	at ch.ivyteam.ivy.richdialog.widgets.style.internal.WidgetStyleManager.<init>(WidgetStyleManager.java:133)
	at ch.ivyteam.ivy.richdialog.widgets.style.WidgetStyleManagerFactory.getWidgetStyleManager(WidgetStyleManagerFactory.java:40)
	at ch.ivyteam.ivy.richdialog.widgets.style.StyleAdapterFactory.createStyleAdapter(StyleAdapterFactory.java:18)
	at ch.ivyteam.ivy.richdialog.widgets.internal.RichComponentImpl.<init>(RichComponentImpl.java:63)
	at ch.ivyteam.ivy.richdialog.widgets.internal.RichContainerImpl.<init>(RichContainerImpl.java:36)
	at ch.ivyteam.ivy.richdialog.widgets.containers.RGridBagLayoutPane.initialize(RGridBagLayoutPane.java:39)
	at ch.ivyteam.ivy.richdialog.widgets.containers.RGridBagLayoutPane.<init>(RGridBagLayoutPane.java:31)
	at sun.reflect.NativeConstructorAccessorImpl.newInstance0(Native Method)
	at sun.reflect.NativeConstructorAccessorImpl.newInstance(NativeConstructorAccessorImpl.java:39)
	at sun.reflect.DelegatingConstructorAccessorImpl.newInstance(DelegatingConstructorAccessorImpl.java:27)
	at java.lang.reflect.Constructor.newInstance(Constructor.java:513)
	at org.eclipse.jem.internal.proxy.initParser.tree.ExpressionProcesser.pushClassInstanceCreation(ExpressionProcesser.java:2463)
	at org.eclipse.jem.internal.proxy.vm.remote.ExpressionProcesserController.process(ExpressionProcesserController.java:246)
	at org.eclipse.jem.internal.proxy.vm.remote.ConnectionHandler.processExpressionCommand(ConnectionHandler.java:624)
	at org.eclipse.jem.internal.proxy.vm.remote.ConnectionHandler.run(ConnectionHandler.java:517)
	at org.eclipse.jem.internal.proxy.vm.remote.ConnectionThread.run(ConnectionThread.java:47)
Caused by: java.net.ConnectException: Connection timed out: connect
	at java.net.PlainSocketImpl.socketConnect(Native Method)
	at java.net.PlainSocketImpl.doConnect(PlainSocketImpl.java:333)
	at java.net.PlainSocketImpl.connectToAddress(PlainSocketImpl.java:195)
	at java.net.PlainSocketImpl.connect(PlainSocketImpl.java:182)
	at java.net.SocksSocketImpl.connect(SocksSocketImpl.java:366)
	at java.net.Socket.connect(Socket.java:525)
	at java.net.Socket.connect(Socket.java:475)
	at java.net.Socket.<init>(Socket.java:372)
	at java.net.Socket.<init>(Socket.java:186)
	at sun.rmi.transport.proxy.RMIDirectSocketFactory.createSocket(RMIDirectSocketFactory.java:22)
	at sun.rmi.transport.proxy.RMIMasterSocketFactory.createSocket(RMIMasterSocketFactory.java:128)
	at sun.rmi.transport.tcp.TCPEndpoint.newSocket(TCPEndpoint.java:595)
	... 24 more
FATAL - ch.ivyteam.ivy.richdialog.widgets.style - Can not connect from remote visual editor vm to xpert.ivy designer
java.rmi.ConnectException: Connection refused to host: 192.168.1.119; nested exception is: 
	java.net.ConnectException: Connection timed out: connect
	at sun.rmi.transport.tcp.TCPEndpoint.newSocket(TCPEndpoint.java:601)
	at sun.rmi.transport.tcp.TCPChannel.createConnection(TCPChannel.java:198)
	at sun.rmi.transport.tcp.TCPChannel.newConnection(TCPChannel.java:184)
	at sun.rmi.server.UnicastRef.invoke(UnicastRef.java:110)
	at java.rmi.server.RemoteObjectInvocationHandler.invokeRemoteMethod(RemoteObjectInvocationHandler.java:178)
	at java.rmi.server.RemoteObjectInvocationHandler.invoke(RemoteObjectInvocationHandler.java:132)
	at $Proxy0.getIvyProject(Unknown Source)
	at ch.ivyteam.ivy.rmiinterface.RmiInterfaceFactory.createRemoteIvyProject(RmiInterfaceFactory.java:84)
	at ch.ivyteam.ivy.richdialog.widgets.style.internal.WidgetStyleManager.getStylePropertyProvider(WidgetStyleManager.java:280)
	at ch.ivyteam.ivy.richdialog.widgets.style.internal.WidgetStyleManager.<init>(WidgetStyleManager.java:133)
	at ch.ivyteam.ivy.richdialog.widgets.style.WidgetStyleManagerFactory.getWidgetStyleManager(WidgetStyleManagerFactory.java:40)
	at ch.ivyteam.ivy.richdialog.widgets.style.StyleAdapterFactory.createStyleAdapter(StyleAdapterFactory.java:18)
	at ch.ivyteam.ivy.richdialog.widgets.internal.RichComponentImpl.<init>(RichComponentImpl.java:63)
	at ch.ivyteam.ivy.richdialog.widgets.internal.RichContainerImpl.<init>(RichContainerImpl.java:36)
	at ch.ivyteam.ivy.richdialog.widgets.containers.RGridBagLayoutPane.initialize(RGridBagLayoutPane.java:39)
	at ch.ivyteam.ivy.richdialog.widgets.containers.RGridBagLayoutPane.<init>(RGridBagLayoutPane.java:31)
	at sun.reflect.NativeConstructorAccessorImpl.newInstance0(Native Method)
	at sun.reflect.NativeConstructorAccessorImpl.newInstance(NativeConstructorAccessorImpl.java:39)
	at sun.reflect.DelegatingConstructorAccessorImpl.newInstance(DelegatingConstructorAccessorImpl.java:27)
	at java.lang.reflect.Constructor.newInstance(Constructor.java:513)
	at org.eclipse.jem.internal.proxy.initParser.tree.ExpressionProcesser.pushClassInstanceCreation(ExpressionProcesser.java:2463)
	at org.eclipse.jem.internal.proxy.vm.remote.ExpressionProcesserController.process(ExpressionProcesserController.java:246)
	at org.eclipse.jem.internal.proxy.vm.remote.ConnectionHandler.processExpressionCommand(ConnectionHandler.java:624)
	at org.eclipse.jem.internal.proxy.vm.remote.ConnectionHandler.run(ConnectionHandler.java:517)
	at org.eclipse.jem.internal.proxy.vm.remote.ConnectionThread.run(ConnectionThread.java:47)
Caused by: java.net.ConnectException: Connection timed out: connect
	at java.net.PlainSocketImpl.socketConnect(Native Method)
	at java.net.PlainSocketImpl.doConnect(PlainSocketImpl.java:333)
	at java.net.PlainSocketImpl.connectToAddress(PlainSocketImpl.java:195)
	at java.net.PlainSocketImpl.connect(PlainSocketImpl.java:182)
	at java.net.SocksSocketImpl.connect(SocksSocketImpl.java:366)
	at java.net.Socket.connect(Socket.java:525)
	at java.net.Socket.connect(Socket.java:475)
	at java.net.Socket.<init>(Socket.java:372)
	at java.net.Socket.<init>(Socket.java:186)
	at sun.rmi.transport.proxy.RMIDirectSocketFactory.createSocket(RMIDirectSocketFactory.java:22)
	at sun.rmi.transport.proxy.RMIMasterSocketFactory.createSocket(RMIMasterSocketFactory.java:128)
	at sun.rmi.transport.tcp.TCPEndpoint.newSocket(TCPEndpoint.java:595)
	... 24 more
FATAL - ch.ivyteam.ivy.richdialog.widgets.style - Can not connect from remote visual editor vm to xpert.ivy designer
java.rmi.ConnectException: Connection refused to host: 192.168.1.119; nested exception is: 
	java.net.ConnectException: Connection timed out: connect
	at sun.rmi.transport.tcp.TCPEndpoint.newSocket(TCPEndpoint.java:601)
	at sun.rmi.transport.tcp.TCPChannel.createConnection(TCPChannel.java:198)
	at sun.rmi.transport.tcp.TCPChannel.newConnection(TCPChannel.java:184)
	at sun.rmi.server.UnicastRef.invoke(UnicastRef.java:110)
	at java.rmi.server.RemoteObjectInvocationHandler.invokeRemoteMethod(RemoteObjectInvocationHandler.java:178)
	at java.rmi.server.RemoteObjectInvocationHandler.invoke(RemoteObjectInvocationHandler.java:132)
	at $Proxy0.getIvyProject(Unknown Source)
	at ch.ivyteam.ivy.rmiinterface.RmiInterfaceFactory.createRemoteIvyProject(RmiInterfaceFactory.java:84)
	at ch.ivyteam.ivy.richdialog.widgets.style.internal.WidgetStyleManager.getStylePropertyProvider(WidgetStyleManager.java:280)
	at ch.ivyteam.ivy.richdialog.widgets.style.internal.WidgetStyleManager.<init>(WidgetStyleManager.java:133)
	at ch.ivyteam.ivy.richdialog.widgets.style.WidgetStyleManagerFactory.getWidgetStyleManager(WidgetStyleManagerFactory.java:40)
	at ch.ivyteam.ivy.richdialog.widgets.style.StyleAdapterFactory.createStyleAdapter(StyleAdapterFactory.java:18)
	at ch.ivyteam.ivy.richdialog.widgets.internal.RichComponentImpl.<init>(RichComponentImpl.java:63)
	at ch.ivyteam.ivy.richdialog.widgets.internal.RichContainerImpl.<init>(RichContainerImpl.java:36)
	at ch.ivyteam.ivy.richdialog.widgets.containers.RGridBagLayoutPane.initialize(RGridBagLayoutPane.java:39)
	at ch.ivyteam.ivy.richdialog.widgets.containers.RGridBagLayoutPane.<init>(RGridBagLayoutPane.java:31)
	at sun.reflect.NativeConstructorAccessorImpl.newInstance0(Native Method)
	at sun.reflect.NativeConstructorAccessorImpl.newInstance(NativeConstructorAccessorImpl.java:39)
	at sun.reflect.DelegatingConstructorAccessorImpl.newInstance(DelegatingConstructorAccessorImpl.java:27)
	at java.lang.reflect.Constructor.newInstance(Constructor.java:513)
	at org.eclipse.jem.internal.proxy.initParser.tree.ExpressionProcesser.pushClassInstanceCreation(ExpressionProcesser.java:2463)
	at org.eclipse.jem.internal.proxy.vm.remote.ExpressionProcesserController.process(ExpressionProcesserController.java:246)
	at org.eclipse.jem.internal.proxy.vm.remote.ConnectionHandler.processExpressionCommand(ConnectionHandler.java:624)
	at org.eclipse.jem.internal.proxy.vm.remote.ConnectionHandler.run(ConnectionHandler.java:517)
	at org.eclipse.jem.internal.proxy.vm.remote.ConnectionThread.run(ConnectionThread.java:47)
Caused by: java.net.ConnectException: Connection timed out: connect
	at java.net.PlainSocketImpl.socketConnect(Native Method)
	at java.net.PlainSocketImpl.doConnect(PlainSocketImpl.java:333)
	at java.net.PlainSocketImpl.connectToAddress(PlainSocketImpl.java:195)
	at java.net.PlainSocketImpl.connect(PlainSocketImpl.java:182)
	at java.net.SocksSocketImpl.connect(SocksSocketImpl.java:366)
	at java.net.Socket.connect(Socket.java:525)
	at java.net.Socket.connect(Socket.java:475)
	at java.net.Socket.<init>(Socket.java:372)
	at java.net.Socket.<init>(Socket.java:186)
	at sun.rmi.transport.proxy.RMIDirectSocketFactory.createSocket(RMIDirectSocketFactory.java:22)
	at sun.rmi.transport.proxy.RMIMasterSocketFactory.createSocket(RMIMasterSocketFactory.java:128)
	at sun.rmi.transport.tcp.TCPEndpoint.newSocket(TCPEndpoint.java:595)
	... 24 more
